[2021-06-15 20:44:22.298] [exthost] [info] extension host started
[2021-06-15 20:44:22.346] [exthost] [info] ExtensionService#_doActivateExtension vscode.debug-auto-launch {"startup":true,"extensionId":{"value":"vscode.debug-auto-launch","_lower":"vscode.debug-auto-launch"},"activationEvent":"*"}
[2021-06-15 20:44:22.347] [exthost] [info] ExtensionService#loadCommonJSModule file:///usr/lib/code/extensions/debug-auto-launch/dist/extension
[2021-06-15 20:44:22.352] [exthost] [info] ExtensionService#_doActivateExtension vscode.emmet {"startup":true,"extensionId":{"value":"vscode.emmet","_lower":"vscode.emmet"},"activationEvent":"*"}
[2021-06-15 20:44:22.352] [exthost] [info] ExtensionService#loadCommonJSModule file:///usr/lib/code/extensions/emmet/dist/node/emmetNodeMain
[2021-06-15 20:44:22.406] [exthost] [info] ExtensionService#_doActivateExtension vscode.git {"startup":true,"extensionId":{"value":"vscode.github","_lower":"vscode.github"},"activationEvent":"*"}
[2021-06-15 20:44:22.407] [exthost] [info] ExtensionService#loadCommonJSModule file:///usr/lib/code/extensions/git/dist/main
[2021-06-15 20:44:22.497] [exthost] [info] ExtensionService#_doActivateExtension vscode.merge-conflict {"startup":true,"extensionId":{"value":"vscode.merge-conflict","_lower":"vscode.merge-conflict"},"activationEvent":"*"}
[2021-06-15 20:44:22.497] [exthost] [info] ExtensionService#loadCommonJSModule file:///usr/lib/code/extensions/merge-conflict/dist/mergeConflictMain
[2021-06-15 20:44:22.501] [exthost] [info] ExtensionService#_doActivateExtension vscode.search-result {"startup":true,"extensionId":{"value":"vscode.search-result","_lower":"vscode.search-result"},"activationEvent":"*"}
[2021-06-15 20:44:22.501] [exthost] [info] ExtensionService#loadCommonJSModule file:///usr/lib/code/extensions/search-result/dist/extension.js
[2021-06-15 20:44:22.502] [exthost] [info] ExtensionService#_doActivateExtension CoenraadS.bracket-pair-colorizer {"startup":true,"extensionId":{"value":"CoenraadS.bracket-pair-colorizer","_lower":"coenraads.bracket-pair-colorizer"},"activationEvent":"*"}
[2021-06-15 20:44:22.503] [exthost] [info] ExtensionService#loadCommonJSModule file:///home/gork/.vscode-oss/extensions/coenraads.bracket-pair-colorizer-1.0.61/out/src/extension
[2021-06-15 20:44:22.528] [exthost] [info] ExtensionService#_doActivateExtension EdgardMessias.clipboard-manager {"startup":true,"extensionId":{"value":"EdgardMessias.clipboard-manager","_lower":"edgardmessias.clipboard-manager"},"activationEvent":"*"}
[2021-06-15 20:44:22.528] [exthost] [info] ExtensionService#loadCommonJSModule file:///home/gork/.vscode-oss/extensions/edgardmessias.clipboard-manager-1.4.2/out/extension
[2021-06-15 20:44:22.608] [exthost] [info] ExtensionService#_doActivateExtension Equinusocio.vsc-material-theme {"startup":true,"extensionId":{"value":"Equinusocio.vsc-material-theme","_lower":"equinusocio.vsc-material-theme"},"activationEvent":"*"}
[2021-06-15 20:44:22.608] [exthost] [info] ExtensionService#loadCommonJSModule file:///home/gork/.vscode-oss/extensions/equinusocio.vsc-material-theme-33.2.2/build/material.theme.config
[2021-06-15 20:44:22.629] [exthost] [info] ExtensionService#_doActivateExtension HookyQR.beautify {"startup":true,"extensionId":{"value":"HookyQR.beautify","_lower":"hookyqr.beautify"},"activationEvent":"*"}
[2021-06-15 20:44:22.629] [exthost] [info] ExtensionService#loadCommonJSModule file:///home/gork/.vscode-oss/extensions/hookyqr.beautify-1.5.0/extension
[2021-06-15 20:44:22.676] [exthost] [info] ExtensionService#_doActivateExtension Janne252.fontawesome-autocomplete {"startup":true,"extensionId":{"value":"Janne252.fontawesome-autocomplete","_lower":"janne252.fontawesome-autocomplete"},"activationEvent":"*"}
[2021-06-15 20:44:22.676] [exthost] [info] ExtensionService#loadCommonJSModule file:///home/gork/.vscode-oss/extensions/janne252.fontawesome-autocomplete-1.1.2/out/extension
[2021-06-15 20:44:22.767] [exthost] [info] ExtensionService#_doActivateExtension ritwickdey.LiveServer {"startup":true,"extensionId":{"value":"ritwickdey.LiveServer","_lower":"ritwickdey.liveserver"},"activationEvent":"*"}
[2021-06-15 20:44:22.768] [exthost] [info] ExtensionService#loadCommonJSModule file:///home/gork/.vscode-oss/extensions/ritwickdey.liveserver-5.6.1/out/src/extension
[2021-06-15 20:44:23.177] [exthost] [info] ExtensionService#_doActivateExtension slevesque.vscode-multiclip {"startup":true,"extensionId":{"value":"slevesque.vscode-multiclip","_lower":"slevesque.vscode-multiclip"},"activationEvent":"*"}
[2021-06-15 20:44:23.177] [exthost] [info] ExtensionService#loadCommonJSModule file:///home/gork/.vscode-oss/extensions/slevesque.vscode-multiclip-0.1.5/out/src/extension
[2021-06-15 20:44:23.839] [exthost] [info] ExtensionService#_doActivateExtension ms-vscode.js-debug {"startup":false,"extensionId":{"value":"ms-vscode.js-debug","_lower":"ms-vscode.js-debug"},"activationEvent":"onCommand:extension.js-debug.clearAutoAttachVariables"}
[2021-06-15 20:44:23.839] [exthost] [info] ExtensionService#loadCommonJSModule file:///usr/lib/code/extensions/ms-vscode.js-debug/src/extension.js
[2021-06-15 20:44:23.933] [exthost] [info] ExtensionService#_doActivateExtension vscode.github {"startup":false,"extensionId":{"value":"vscode.github","_lower":"vscode.github"},"activationEvent":"*"}
[2021-06-15 20:44:23.933] [exthost] [info] ExtensionService#loadCommonJSModule file:///usr/lib/code/extensions/github/dist/extension.js
[2021-06-15 20:44:23.989] [exthost] [info] eager extensions activated
[2021-06-15 20:44:24.015] [exthost] [info] ExtensionService#_doActivateExtension eamodio.gitlens {"startup":false,"extensionId":{"value":"eamodio.gitlens","_lower":"eamodio.gitlens"},"activationEvent":"onStartupFinished"}
[2021-06-15 20:44:24.021] [exthost] [info] ExtensionService#loadCommonJSModule file:///home/gork/.vscode-oss/extensions/eamodio.gitlens-11.2.1/dist/gitlens
[2021-06-15 20:44:24.114] [exthost] [info] ExtensionService#_doActivateExtension esbenp.prettier-vscode {"startup":false,"extensionId":{"value":"esbenp.prettier-vscode","_lower":"esbenp.prettier-vscode"},"activationEvent":"onStartupFinished"}
[2021-06-15 20:44:24.120] [exthost] [info] ExtensionService#loadCommonJSModule file:///home/gork/.vscode-oss/extensions/esbenp.prettier-vscode-5.8.0/dist/extension
