[06/14/21, 15:49:46:045] info: 
╔════════════════════════════════════════════════════╗
║      Slack 4.16.0, linux 5.6.8-arch1-1 on x64      ║
╚════════════════════════════════════════════════════╝ 
[06/14/21, 15:49:46:045] info: Configured logger via 
{
  "enableConsoleTransport": true,
  "identifierOverride": "webapp-auth-console",
  "shouldUseNewBackend": false,
  "loggerInstanceCount": 4
}
[06/14/21, 15:49:46:046] info: Predefined values for process 
{
  "NODE_ENV": "production",
  "platform": "linux",
  "type": "browser",
  "timeZone": "Asia/Calcutta",
  "PACKAGE_MANIFEST.productName": "Slack",
  "PACKAGE_MANIFEST.version": "4.16.0",
  "PACKAGE_MANIFEST.commit": "c22285b",
  "PACKAGE_MANIFEST.branch": "HEAD"
}
