[65581][1589110913920][main][info]["Booting Postman 7.23.0, linux-5.6.8-arch1-1 on x64"]
[65581][1589110913928][main][info]["EventBus~initialize - Success"]
[65581][1589110913931][main][warn]["CloudProxyManager~init: Error while reading proxy configuration from user data - ",{"errno":-2,"code":"ENOENT","syscall":"open","path":"/home/gork/.config/Postman/Postman_Config/proxy","name":"Error","message":"ENOENT: no such file or directory, open '/home/gork/.config/Postman/Postman_Config/proxy'","stack":"Error: ENOENT: no such file or directory, open '/home/gork/.config/Postman/Postman_Config/proxy'"}]
[65581][1589110913933][main][info]["CloudProxyManager~init - Success"]
[65581][1589110913949][main][info]["UpdateHandler~init - Success"]
[65581][1589110913950][main][info]["RuntimeExecutionService~initialized: Success"]
[65581][1589110915784][main][info]["LinuxAutoUpdater~Cleanup - Initial cleanup successful"]
[65581][1589110918191][main][info]["Bootstrap-models~bootstrap - Success"]
[65581][1589110924318][main][info]["window-manager~newSharedWindow: Shell loaded"]
[65581][1589110936858][main][info]["Main~AppEvents - Received booted event for process shared"]
[65581][1589110943213][main][info]["UpdateHandler~app-update-events - Received event",{"name":"checkForElectronVersionUpdated","namespace":"appUpdate"}]
[65581][1589110943308][main][info]["Main~AppEvents - Received booted event for process requester"]
[65581][1589110954509][main][info]["UpdateHandler~app-update-events - Received event",{"data":{"additionalParamsString":"installationId=17783b96-562d-46ca-a64b-3732db25667b&userId=0&syncEnabled=false&teamPlan=","appId":"17783b96-562d-46ca-a64b-3732db25667b","arch":"64","channel":"stable","downloadURL":"https://dl.pstmn.io/download/version/7.24.0/linux_64","downloadVersion":"7.24.0","platform":"LINUX","updateServerDomain":"https://dl.pstmn.io/","userAgent":"Mozilla/5.0 (X11; Linux x86_64) AppleWebKit/537.36 (KHTML, like Gecko) Postman/7.23.0 Chrome/66.0.3359.181 Electron/3.1.8-postman.5 Safari/537.36","userId":"0","version":"7.23.0"},"name":"updateElectron","namespace":"appUpdate"}]
[65581][1589110954511][main][info]["LinuxUpdater~downloadUpdate - UpdateInfo received",{"additionalParamsString":"installationId=17783b96-562d-46ca-a64b-3732db25667b&userId=0&syncEnabled=false&teamPlan=","appId":"17783b96-562d-46ca-a64b-3732db25667b","arch":"64","channel":"stable","downloadURL":"https://dl.pstmn.io/download/version/7.24.0/linux_64","downloadVersion":"7.24.0","platform":"LINUX","updateServerDomain":"https://dl.pstmn.io/","userAgent":"Mozilla/5.0 (X11; Linux x86_64) AppleWebKit/537.36 (KHTML, like Gecko) Postman/7.23.0 Chrome/66.0.3359.181 Electron/3.1.8-postman.5 Safari/537.36","userId":"0","version":"7.23.0"}]
[65581][1589110956231][main][info]["@postman/app-updater: error",{"errno":-13,"code":"EACCES","syscall":"open","path":"/opt/postman/Postman-1589110954512.tar.gz","name":"Error","message":"EACCES: permission denied, open '/opt/postman/Postman-1589110954512.tar.gz'","stack":"Error: EACCES: permission denied, open '/opt/postman/Postman-1589110954512.tar.gz'"},{"packageName":"Postman","eID":"Postman-1589110954512","downloadURL":"https://dl.pstmn.io/download/version/7.24.0/linux_64","downloadDirectory":"/opt/postman","downloadInfo":{"status":"DOWNLOAD_ERROR","error":{"errno":-13,"code":"EACCES","syscall":"open","path":"/opt/postman/Postman-1589110954512.tar.gz"},"downloadDirectory":"/opt/postman"}}]
[65581][1589110956232][main][info]["UpdateHandler~app-update-events - Received event",{"name":"electronAppUpdateError","namespace":"appUpdate","data":{"error":{"errno":-13,"code":"EACCES","syscall":"open","path":"/opt/postman/Postman-1589110954512.tar.gz","name":"Error","message":"EACCES: permission denied, open '/opt/postman/Postman-1589110954512.tar.gz'","stack":"Error: EACCES: permission denied, open '/opt/postman/Postman-1589110954512.tar.gz'"},"updateData":{"packageName":"Postman","eID":"Postman-1589110954512","downloadURL":"https://dl.pstmn.io/download/version/7.24.0/linux_64","downloadDirectory":"/opt/postman","downloadInfo":{"status":"DOWNLOAD_ERROR","error":{"errno":-13,"code":"EACCES","syscall":"open","path":"/opt/postman/Postman-1589110954512.tar.gz"},"downloadDirectory":"/opt/postman"}}}}]
[65581][1589115306275][main][info]["WindowManager~closeHandler - Closed Window (id: 4 )"]
[65581][1589115307487][main][info]["Quitting app"]
[141734][1589187138305][main][info]["Booting Postman 7.23.0, linux-5.6.8-arch1-1 on x64"]
[141734][1589187138312][main][info]["EventBus~initialize - Success"]
[141734][1589187138369][main][warn]["CloudProxyManager~init: Error while reading proxy configuration from user data - ",{"errno":-2,"code":"ENOENT","syscall":"open","path":"/home/gork/.config/Postman/Postman_Config/proxy","name":"Error","message":"ENOENT: no such file or directory, open '/home/gork/.config/Postman/Postman_Config/proxy'","stack":"Error: ENOENT: no such file or directory, open '/home/gork/.config/Postman/Postman_Config/proxy'"}]
[141734][1589187138370][main][info]["CloudProxyManager~init - Success"]
[141734][1589187138389][main][info]["UpdateHandler~init - Success"]
[141734][1589187138390][main][info]["RuntimeExecutionService~initialized: Success"]
[141734][1589187139630][main][info]["LinuxAutoUpdater~Cleanup - Initial cleanup successful"]
[141734][1589187141027][main][info]["Bootstrap-models~bootstrap - Success"]
[141734][1589187142860][main][info]["window-manager~newSharedWindow: Shell loaded"]
[141734][1589187148322][main][info]["Main~AppEvents - Received booted event for process shared"]
[141734][1589187152847][main][info]["UpdateHandler~app-update-events - Received event",{"name":"checkForElectronVersionUpdated","namespace":"appUpdate"}]
[141734][1589187152899][main][info]["Main~AppEvents - Received booted event for process requester"]
[141734][1589187163887][main][info]["UpdateHandler~app-update-events - Received event",{"data":{"additionalParamsString":"installationId=17783b96-562d-46ca-a64b-3732db25667b&userId=11358074&syncEnabled=true&teamPlan=sync-free-forever-trial","appId":"17783b96-562d-46ca-a64b-3732db25667b","arch":"64","channel":"stable","downloadURL":"https://dl.pstmn.io/download/version/7.24.0/linux_64","downloadVersion":"7.24.0","platform":"LINUX","updateServerDomain":"https://dl.pstmn.io/","userAgent":"Mozilla/5.0 (X11; Linux x86_64) AppleWebKit/537.36 (KHTML, like Gecko) Postman/7.23.0 Chrome/66.0.3359.181 Electron/3.1.8-postman.5 Safari/537.36","userId":"11358074","version":"7.23.0"},"name":"updateElectron","namespace":"appUpdate"}]
[141734][1589187163888][main][info]["LinuxUpdater~downloadUpdate - UpdateInfo received",{"additionalParamsString":"installationId=17783b96-562d-46ca-a64b-3732db25667b&userId=11358074&syncEnabled=true&teamPlan=sync-free-forever-trial","appId":"17783b96-562d-46ca-a64b-3732db25667b","arch":"64","channel":"stable","downloadURL":"https://dl.pstmn.io/download/version/7.24.0/linux_64","downloadVersion":"7.24.0","platform":"LINUX","updateServerDomain":"https://dl.pstmn.io/","userAgent":"Mozilla/5.0 (X11; Linux x86_64) AppleWebKit/537.36 (KHTML, like Gecko) Postman/7.23.0 Chrome/66.0.3359.181 Electron/3.1.8-postman.5 Safari/537.36","userId":"11358074","version":"7.23.0"}]
[141734][1589187165508][main][info]["@postman/app-updater: error",{"errno":-13,"code":"EACCES","syscall":"open","path":"/opt/postman/Postman-1589187163889.tar.gz","name":"Error","message":"EACCES: permission denied, open '/opt/postman/Postman-1589187163889.tar.gz'","stack":"Error: EACCES: permission denied, open '/opt/postman/Postman-1589187163889.tar.gz'"},{"packageName":"Postman","eID":"Postman-1589187163889","downloadURL":"https://dl.pstmn.io/download/version/7.24.0/linux_64","downloadDirectory":"/opt/postman","downloadInfo":{"status":"DOWNLOAD_ERROR","error":{"errno":-13,"code":"EACCES","syscall":"open","path":"/opt/postman/Postman-1589187163889.tar.gz"},"downloadDirectory":"/opt/postman"}}]
[141734][1589187165510][main][info]["UpdateHandler~app-update-events - Received event",{"name":"electronAppUpdateError","namespace":"appUpdate","data":{"error":{"errno":-13,"code":"EACCES","syscall":"open","path":"/opt/postman/Postman-1589187163889.tar.gz","name":"Error","message":"EACCES: permission denied, open '/opt/postman/Postman-1589187163889.tar.gz'","stack":"Error: EACCES: permission denied, open '/opt/postman/Postman-1589187163889.tar.gz'"},"updateData":{"packageName":"Postman","eID":"Postman-1589187163889","downloadURL":"https://dl.pstmn.io/download/version/7.24.0/linux_64","downloadDirectory":"/opt/postman","downloadInfo":{"status":"DOWNLOAD_ERROR","error":{"errno":-13,"code":"EACCES","syscall":"open","path":"/opt/postman/Postman-1589187163889.tar.gz"},"downloadDirectory":"/opt/postman"}}}}]
[141734][1589194983371][main][info]["WindowManager~closeHandler - Closed Window (id: 3 )"]
[141734][1589194984678][main][info]["Quitting app"]
[135410][1590055698777][main][info]["Booting Postman 7.23.0, linux-5.6.8-arch1-1 on x64"]
[135410][1590055698786][main][info]["EventBus~initialize - Success"]
[135410][1590055698846][main][warn]["CloudProxyManager~init: Error while reading proxy configuration from user data - ",{"errno":-2,"code":"ENOENT","syscall":"open","path":"/home/gork/.config/Postman/Postman_Config/proxy","name":"Error","message":"ENOENT: no such file or directory, open '/home/gork/.config/Postman/Postman_Config/proxy'","stack":"Error: ENOENT: no such file or directory, open '/home/gork/.config/Postman/Postman_Config/proxy'"}]
[135410][1590055698850][main][info]["CloudProxyManager~init - Success"]
[135410][1590055698871][main][info]["UpdateHandler~init - Success"]
[135410][1590055698873][main][info]["RuntimeExecutionService~initialized: Success"]
[135410][1590055700303][main][error]["main~makeSingleInstance: Could not get waterline model for window. ORM not initialized."]
[135410][1590055700314][main][warn]["WindowManager~newRequesterWindow - Bailing requester window creation as shared is not booted!"]
[135410][1590055700315][main][error]["main~makeSingleInstance: New Requester window instance not found"]
[135410][1590055700371][main][info]["LinuxAutoUpdater~Cleanup - Initial cleanup successful"]
[135410][1590055701744][main][info]["Bootstrap-models~bootstrap - Success"]
[135410][1590055707268][main][info]["window-manager~newSharedWindow: Shell loaded"]
[135410][1590055712848][main][info]["Main~AppEvents - Received booted event for process shared"]
[135410][1590055717192][main][info]["UpdateHandler~app-update-events - Received event",{"name":"checkForElectronVersionUpdated","namespace":"appUpdate"}]
[135410][1590055717241][main][info]["Main~AppEvents - Received booted event for process requester"]
[135410][1590055728451][main][info]["UpdateHandler~app-update-events - Received event",{"data":{"additionalParamsString":"installationId=17783b96-562d-46ca-a64b-3732db25667b&userId=11358074&syncEnabled=true&teamPlan=sync-free-forever-trial","appId":"17783b96-562d-46ca-a64b-3732db25667b","arch":"64","channel":"stable","downloadURL":"https://dl.pstmn.io/download/version/7.24.0/linux_64","downloadVersion":"7.24.0","platform":"LINUX","updateServerDomain":"https://dl.pstmn.io/","userAgent":"Mozilla/5.0 (X11; Linux x86_64) AppleWebKit/537.36 (KHTML, like Gecko) Postman/7.23.0 Chrome/66.0.3359.181 Electron/3.1.8-postman.5 Safari/537.36","userId":"11358074","version":"7.23.0"},"name":"updateElectron","namespace":"appUpdate"}]
[135410][1590055728452][main][info]["LinuxUpdater~downloadUpdate - UpdateInfo received",{"additionalParamsString":"installationId=17783b96-562d-46ca-a64b-3732db25667b&userId=11358074&syncEnabled=true&teamPlan=sync-free-forever-trial","appId":"17783b96-562d-46ca-a64b-3732db25667b","arch":"64","channel":"stable","downloadURL":"https://dl.pstmn.io/download/version/7.24.0/linux_64","downloadVersion":"7.24.0","platform":"LINUX","updateServerDomain":"https://dl.pstmn.io/","userAgent":"Mozilla/5.0 (X11; Linux x86_64) AppleWebKit/537.36 (KHTML, like Gecko) Postman/7.23.0 Chrome/66.0.3359.181 Electron/3.1.8-postman.5 Safari/537.36","userId":"11358074","version":"7.23.0"}]
[135410][1590055869536][main][info]["@postman/app-updater: Update updateDownloaded","","Postman","","https://dl.pstmn.io/download/version/7.24.0/linux_64","7.24.0"]
[135410][1590055869538][main][info]["UpdateHandler~app-update-events - Received event",{"name":"electronAppUpdateDownloaded","namespace":"appUpdate","data":{"name":"Postman","notes":"","date":"","URL":"https://dl.pstmn.io/download/version/7.24.0/linux_64","downloadVersion":"7.24.0"}}]
[135410][1590337312669][main][info]["WindowManager~closeHandler - Closed Window (id: 3 )"]
[135410][1590337313925][main][info]["Quitting app"]
[135410][1590337314671][main][info]["Quitting app"]
[135410][1590337314847][main][info]["Quitting app"]
[135410][1590337315452][main][info]["Applying update and quit the app"]
[135410][1590337315453][main][info]["@postman/app-updater: quitting app to update"]
[135410][1590337315453][main][info]["LinuxAutoUpdater~quitAndInstall - Initiated"]
[135410][1590337315488][main][info]["LinuxAutoUpdater~quitAndInstall - Quitting for update"]
[135410][1590337315996][main][info]["Applying update and quit the app"]
[135410][1590337315997][main][info]["@postman/app-updater: quitting app to update"]
[135410][1590337315997][main][info]["LinuxAutoUpdater~quitAndInstall - Initiated"]
[135410][1590337315998][main][info]["LinuxAutoUpdater~quitAndInstall - Quitting for update"]
[135410][1590337316015][main][info]["Applying update and quit the app"]
[135410][1590337316015][main][info]["@postman/app-updater: quitting app to update"]
[135410][1590337316016][main][info]["LinuxAutoUpdater~quitAndInstall - Initiated"]
[135410][1590337316016][main][info]["LinuxAutoUpdater~quitAndInstall - Quitting for update"]
[12248][1592586180017][main][info]["Booting Postman 7.24.0, linux-5.6.8-arch1-1 on x64"]
[12248][1592586180025][main][info]["EventBus~initialize - Success"]
[12248][1592586180063][main][warn]["CloudProxyManager~init: Error while reading proxy configuration from user data - ",{"errno":-2,"code":"ENOENT","syscall":"open","path":"/home/gork/.config/Postman/Postman_Config/proxy","name":"Error","message":"ENOENT: no such file or directory, open '/home/gork/.config/Postman/Postman_Config/proxy'","stack":"Error: ENOENT: no such file or directory, open '/home/gork/.config/Postman/Postman_Config/proxy'"}]
[12248][1592586180065][main][info]["CloudProxyManager~init - Success"]
[12248][1592586180092][main][info]["UpdateHandler~init - Success"]
[12248][1592586180094][main][info]["RuntimeExecutionService~initialized: Success"]
[12248][1592586188075][main][info]["window-manager~newSharedWindow: Shell loaded"]
[12248][1592586188886][main][info]["LinuxAutoUpdater~Cleanup - Initial cleanup successful"]
[12248][1592586188962][main][info]["Bootstrap-models~bootstrap - Success"]
[12248][1592586201716][main][info]["Main~AppEvents - Received booted event for process shared"]
[12248][1592586209914][main][info]["UpdateHandler~app-update-events - Received event",{"name":"checkForElectronVersionUpdated","namespace":"appUpdate"}]
[12248][1592586209933][main][info]["@postman/app-updater: version Updated","7.23.0","7.24.0"]
[12248][1592586209943][main][info]["UpdateHandler~app-update-events - Received event",{"name":"electronVersionUpdated","namespace":"appUpdate","data":{"lastKnownVersion":"7.23.0","currentVersion":"7.24.0"}}]
[12248][1592586210114][main][info]["Main~AppEvents - Received booted event for process requester"]
[12248][1592586228898][main][info]["UpdateHandler~app-update-events - Received event",{"data":{"additionalParamsString":"installationId=17783b96-562d-46ca-a64b-3732db25667b&userId=11358074&syncEnabled=true&teamPlan=sync-free-forever-trial","appId":"17783b96-562d-46ca-a64b-3732db25667b","arch":"64","channel":"stable","downloadURL":"https://dl.pstmn.io/download/version/7.26.1/linux_64","downloadVersion":"7.26.1","platform":"LINUX","updateServerDomain":"https://dl.pstmn.io/","userAgent":"Mozilla/5.0 (X11; Linux x86_64) AppleWebKit/537.36 (KHTML, like Gecko) Postman/7.24.0 Chrome/66.0.3359.181 Electron/3.1.8-postman.5 Safari/537.36","userId":"11358074","version":"7.24.0"},"name":"updateElectron","namespace":"appUpdate"}]
[12248][1592586228900][main][info]["LinuxUpdater~downloadUpdate - UpdateInfo received",{"additionalParamsString":"installationId=17783b96-562d-46ca-a64b-3732db25667b&userId=11358074&syncEnabled=true&teamPlan=sync-free-forever-trial","appId":"17783b96-562d-46ca-a64b-3732db25667b","arch":"64","channel":"stable","downloadURL":"https://dl.pstmn.io/download/version/7.26.1/linux_64","downloadVersion":"7.26.1","platform":"LINUX","updateServerDomain":"https://dl.pstmn.io/","userAgent":"Mozilla/5.0 (X11; Linux x86_64) AppleWebKit/537.36 (KHTML, like Gecko) Postman/7.24.0 Chrome/66.0.3359.181 Electron/3.1.8-postman.5 Safari/537.36","userId":"11358074","version":"7.24.0"}]
[12248][1592587027815][main][info]["@postman/app-updater: Update updateDownloaded","","Postman","","https://dl.pstmn.io/download/version/7.26.1/linux_64","7.26.1"]
[12248][1592587027817][main][info]["UpdateHandler~app-update-events - Received event",{"name":"electronAppUpdateDownloaded","namespace":"appUpdate","data":{"name":"Postman","notes":"","date":"","URL":"https://dl.pstmn.io/download/version/7.26.1/linux_64","downloadVersion":"7.26.1"}}]
[12248][1592597257531][main][info]["WindowManager~closeHandler - Closed Window (id: 3 )"]
[12248][1592597258673][main][info]["Quitting app"]
[12248][1592597258852][main][info]["Applying update and quit the app"]
[12248][1592597258855][main][info]["@postman/app-updater: quitting app to update"]
[12248][1592597258855][main][info]["LinuxAutoUpdater~quitAndInstall - Initiated"]
[12248][1592597258948][main][info]["LinuxAutoUpdater~quitAndInstall - Quitting for update"]
[18023][1594818264130][main][info]["Booting Postman 7.26.1, linux-5.6.8-arch1-1 on x64"]
[18023][1594818264134][main][info]["EventBus~initialize - Success"]
[18023][1594818264161][main][warn]["CloudProxyManager~init: Error while reading proxy configuration from user data - ",{"errno":-2,"code":"ENOENT","syscall":"open","path":"/home/gork/.config/Postman/Postman_Config/proxy","name":"Error","message":"ENOENT: no such file or directory, open '/home/gork/.config/Postman/Postman_Config/proxy'","stack":"Error: ENOENT: no such file or directory, open '/home/gork/.config/Postman/Postman_Config/proxy'"}]
[18023][1594818264163][main][info]["CloudProxyManager~init - Success"]
[18023][1594818264176][main][info]["UpdateHandler~init - Success"]
[18023][1594818264177][main][info]["RuntimeExecutionService~initialized: Success"]
[18023][1594818270600][main][info]["window-manager~newSharedWindow: Shell loaded"]
[18023][1594818272965][main][info]["LinuxAutoUpdater~Cleanup - Initial cleanup successful"]
[18023][1594818272997][main][info]["Bootstrap-models~bootstrap - Success"]
[18023][1594818276397][main][info]["Main~AppEvents - Received booted event for process shared"]
[18023][1594818279621][main][info]["UpdateHandler~app-update-events - Received event",{"name":"checkForElectronVersionUpdated","namespace":"appUpdate"}]
[18023][1594818279627][main][info]["@postman/app-updater: version Updated","7.24.0","7.26.1"]
[18023][1594818279628][main][info]["UpdateHandler~app-update-events - Received event",{"name":"electronVersionUpdated","namespace":"appUpdate","data":{"lastKnownVersion":"7.24.0","currentVersion":"7.26.1"}}]
[18023][1594818279689][main][info]["Main~AppEvents - Received booted event for process requester"]
[18023][1594818290815][main][info]["UpdateHandler~app-update-events - Received event",{"data":{"additionalParamsString":"installationId=17783b96-562d-46ca-a64b-3732db25667b&userId=11358074&syncEnabled=true&teamPlan=sync-free-forever-trial","appId":"17783b96-562d-46ca-a64b-3732db25667b","arch":"64","channel":"stable","downloadURL":"https://dl.pstmn.io/download/version/7.28.0/linux_64","downloadVersion":"7.28.0","platform":"LINUX","updateServerDomain":"https://dl.pstmn.io/","userAgent":"Mozilla/5.0 (X11; Linux x86_64) AppleWebKit/537.36 (KHTML, like Gecko) Postman/7.26.1 Chrome/78.0.3904.130 Electron/7.2.3 Safari/537.36","userId":"11358074","version":"7.26.1"},"name":"updateElectron","namespace":"appUpdate"}]
[18023][1594818290817][main][info]["LinuxUpdater~downloadUpdate - UpdateInfo received",{"additionalParamsString":"installationId=17783b96-562d-46ca-a64b-3732db25667b&userId=11358074&syncEnabled=true&teamPlan=sync-free-forever-trial","appId":"17783b96-562d-46ca-a64b-3732db25667b","arch":"64","channel":"stable","downloadURL":"https://dl.pstmn.io/download/version/7.28.0/linux_64","downloadVersion":"7.28.0","platform":"LINUX","updateServerDomain":"https://dl.pstmn.io/","userAgent":"Mozilla/5.0 (X11; Linux x86_64) AppleWebKit/537.36 (KHTML, like Gecko) Postman/7.26.1 Chrome/78.0.3904.130 Electron/7.2.3 Safari/537.36","userId":"11358074","version":"7.26.1"}]
[18023][1594818291713][main][info]["WindowManager~closeHandler - Closed Window (id: 3 )"]
[18023][1594818291838][main][info]["Quitting app"]
[23138][1594819850666][main][info]["Booting Postman 7.26.1, linux-5.6.8-arch1-1 on x64"]
[23138][1594819850673][main][info]["EventBus~initialize - Success"]
[23138][1594819850676][main][warn]["CloudProxyManager~init: Error while reading proxy configuration from user data - ",{"errno":-2,"code":"ENOENT","syscall":"open","path":"/home/gork/.config/Postman/Postman_Config/proxy","name":"Error","message":"ENOENT: no such file or directory, open '/home/gork/.config/Postman/Postman_Config/proxy'","stack":"Error: ENOENT: no such file or directory, open '/home/gork/.config/Postman/Postman_Config/proxy'"}]
[23138][1594819850678][main][info]["CloudProxyManager~init - Success"]
[23138][1594819850687][main][info]["UpdateHandler~init - Success"]
[23138][1594819850690][main][info]["RuntimeExecutionService~initialized: Success"]
[23138][1594819851009][main][info]["LinuxAutoUpdater~Cleanup - Initial cleanup successful"]
[23138][1594819851461][main][info]["Bootstrap-models~bootstrap - Success"]
[23138][1594819851559][main][info]["window-manager~newSharedWindow: Shell loaded"]
[23138][1594819854406][main][info]["Main~AppEvents - Received booted event for process shared"]
[23138][1594819857309][main][info]["UpdateHandler~app-update-events - Received event",{"name":"checkForElectronVersionUpdated","namespace":"appUpdate"}]
[23138][1594819857349][main][info]["Main~AppEvents - Received booted event for process requester"]
[23138][1594819868474][main][info]["UpdateHandler~app-update-events - Received event",{"data":{"additionalParamsString":"installationId=17783b96-562d-46ca-a64b-3732db25667b&userId=11358074&syncEnabled=true&teamPlan=sync-free-forever-trial","appId":"17783b96-562d-46ca-a64b-3732db25667b","arch":"64","channel":"stable","downloadURL":"https://dl.pstmn.io/download/version/7.28.0/linux_64","downloadVersion":"7.28.0","platform":"LINUX","updateServerDomain":"https://dl.pstmn.io/","userAgent":"Mozilla/5.0 (X11; Linux x86_64) AppleWebKit/537.36 (KHTML, like Gecko) Postman/7.26.1 Chrome/78.0.3904.130 Electron/7.2.3 Safari/537.36","userId":"11358074","version":"7.26.1"},"name":"updateElectron","namespace":"appUpdate"}]
[23138][1594819868476][main][info]["LinuxUpdater~downloadUpdate - UpdateInfo received",{"additionalParamsString":"installationId=17783b96-562d-46ca-a64b-3732db25667b&userId=11358074&syncEnabled=true&teamPlan=sync-free-forever-trial","appId":"17783b96-562d-46ca-a64b-3732db25667b","arch":"64","channel":"stable","downloadURL":"https://dl.pstmn.io/download/version/7.28.0/linux_64","downloadVersion":"7.28.0","platform":"LINUX","updateServerDomain":"https://dl.pstmn.io/","userAgent":"Mozilla/5.0 (X11; Linux x86_64) AppleWebKit/537.36 (KHTML, like Gecko) Postman/7.26.1 Chrome/78.0.3904.130 Electron/7.2.3 Safari/537.36","userId":"11358074","version":"7.26.1"}]
[23138][1594820154559][main][info]["@postman/app-updater: Update updateDownloaded","","Postman","","https://dl.pstmn.io/download/version/7.28.0/linux_64","7.28.0"]
[23138][1594820154567][main][info]["UpdateHandler~app-update-events - Received event",{"name":"electronAppUpdateDownloaded","namespace":"appUpdate","data":{"name":"Postman","notes":"","date":"","URL":"https://dl.pstmn.io/download/version/7.28.0/linux_64","downloadVersion":"7.28.0"}}]
[23138][1594822537911][main][info]["WindowManager~closeHandler - Closed Window (id: 3 )"]
[23138][1594822538034][main][info]["Quitting app"]
[23138][1594822538075][main][info]["Applying update and quit the app"]
[23138][1594822538080][main][info]["@postman/app-updater: quitting app to update"]
[23138][1594822538081][main][info]["LinuxAutoUpdater~quitAndInstall - Initiated"]
[23138][1594822538082][main][info]["LinuxAutoUpdater~quitAndInstall - Quitting for update"]
[58801][1595168356001][main][info]["Booting Postman 7.28.0, linux-5.6.8-arch1-1 on x64"]
[58801][1595168356007][main][info]["EventBus~initialize - Success"]
[58801][1595168356047][main][warn]["CloudProxyManager~init: Error while reading proxy configuration from user data - ",{"errno":-2,"code":"ENOENT","syscall":"open","path":"/home/gork/.config/Postman/Postman_Config/proxy","name":"Error","message":"ENOENT: no such file or directory, open '/home/gork/.config/Postman/Postman_Config/proxy'","stack":"Error: ENOENT: no such file or directory, open '/home/gork/.config/Postman/Postman_Config/proxy'"}]
[58801][1595168356048][main][info]["CloudProxyManager~init - Success"]
[58801][1595168356057][main][info]["UpdateHandler~init - Success"]
[58801][1595168356058][main][info]["RuntimeExecutionService~initialized: Success"]
[58801][1595168362403][main][info]["window-manager~newSharedWindow: Shell loaded"]
[58801][1595168367139][main][info]["Bootstrap-models~bootstrap - Success"]
[58801][1595168367151][main][info]["LinuxAutoUpdater~Cleanup - Initial cleanup successful"]
[58801][1595168369060][main][info]["Main~AppEvents - Received booted event for process shared"]
[58801][1595168373772][main][info]["UpdateHandler~app-update-events - Received event",{"name":"checkForElectronVersionUpdated","namespace":"appUpdate"}]
[58801][1595168373888][main][info]["@postman/app-updater: version Updated","7.26.1","7.28.0"]
[58801][1595168373889][main][info]["UpdateHandler~app-update-events - Received event",{"name":"electronVersionUpdated","namespace":"appUpdate","data":{"lastKnownVersion":"7.26.1","currentVersion":"7.28.0"}}]
[58801][1595168373900][main][info]["Main~AppEvents - Received booted event for process requester"]
[58801][1595168606213][main][info]["WindowManager~closeHandler - Closed Window (id: 3 )"]
[58801][1595168606402][main][info]["Quitting app"]
[1181][1595532492138][main][info]["Booting Postman 7.28.0, linux-5.6.8-arch1-1 on x64"]
[1181][1595532492142][main][info]["EventBus~initialize - Success"]
[1181][1595532492172][main][warn]["CloudProxyManager~init: Error while reading proxy configuration from user data - ",{"errno":-2,"code":"ENOENT","syscall":"open","path":"/home/gork/.config/Postman/Postman_Config/proxy","name":"Error","message":"ENOENT: no such file or directory, open '/home/gork/.config/Postman/Postman_Config/proxy'","stack":"Error: ENOENT: no such file or directory, open '/home/gork/.config/Postman/Postman_Config/proxy'"}]
[1181][1595532492173][main][info]["CloudProxyManager~init - Success"]
[1181][1595532492181][main][info]["UpdateHandler~init - Success"]
[1181][1595532492182][main][info]["RuntimeExecutionService~initialized: Success"]
[1181][1595532493863][main][info]["LinuxAutoUpdater~Cleanup - Initial cleanup successful"]
[1181][1595532494751][main][info]["Bootstrap-models~bootstrap - Success"]
[1181][1595532497079][main][info]["window-manager~newSharedWindow: Shell loaded"]
[1181][1595532500806][main][info]["Main~AppEvents - Received booted event for process shared"]
[1181][1595532503714][main][info]["UpdateHandler~app-update-events - Received event",{"name":"checkForElectronVersionUpdated","namespace":"appUpdate"}]
[1181][1595532503783][main][info]["Main~AppEvents - Received booted event for process requester"]
[1181][1595532515152][main][info]["UpdateHandler~app-update-events - Received event",{"data":{"additionalParamsString":"installationId=17783b96-562d-46ca-a64b-3732db25667b&userId=11358074&syncEnabled=true&teamPlan=sync-free-forever-trial","appId":"17783b96-562d-46ca-a64b-3732db25667b","arch":"64","channel":"stable","downloadURL":"https://dl.pstmn.io/download/version/7.29.0/linux_64","downloadVersion":"7.29.0","platform":"LINUX","updateServerDomain":"https://dl.pstmn.io/","userAgent":"Mozilla/5.0 (X11; Linux x86_64) AppleWebKit/537.36 (KHTML, like Gecko) Postman/7.28.0 Chrome/78.0.3904.130 Electron/7.2.3 Safari/537.36","userId":"11358074","version":"7.28.0"},"name":"updateElectron","namespace":"appUpdate"}]
[1181][1595532515153][main][info]["LinuxUpdater~downloadUpdate - UpdateInfo received",{"additionalParamsString":"installationId=17783b96-562d-46ca-a64b-3732db25667b&userId=11358074&syncEnabled=true&teamPlan=sync-free-forever-trial","appId":"17783b96-562d-46ca-a64b-3732db25667b","arch":"64","channel":"stable","downloadURL":"https://dl.pstmn.io/download/version/7.29.0/linux_64","downloadVersion":"7.29.0","platform":"LINUX","updateServerDomain":"https://dl.pstmn.io/","userAgent":"Mozilla/5.0 (X11; Linux x86_64) AppleWebKit/537.36 (KHTML, like Gecko) Postman/7.28.0 Chrome/78.0.3904.130 Electron/7.2.3 Safari/537.36","userId":"11358074","version":"7.28.0"}]
[1181][1595532656961][main][info]["@postman/app-updater: Update updateDownloaded","","Postman","","https://dl.pstmn.io/download/version/7.29.0/linux_64","7.29.0"]
[1181][1595532656967][main][info]["UpdateHandler~app-update-events - Received event",{"name":"electronAppUpdateDownloaded","namespace":"appUpdate","data":{"name":"Postman","notes":"","date":"","URL":"https://dl.pstmn.io/download/version/7.29.0/linux_64","downloadVersion":"7.29.0"}}]
[1181][1595534655523][main][info]["Quitting app"]
[7507][1597342198657][main][info]["Booting Postman 7.28.0, linux-5.6.8-arch1-1 on x64"]
[7507][1597342198661][main][info]["EventBus~initialize - Success"]
[7507][1597342198743][main][warn]["CloudProxyManager~init: Error while reading proxy configuration from user data - ",{"errno":-2,"code":"ENOENT","syscall":"open","path":"/home/gork/.config/Postman/Postman_Config/proxy","name":"Error","message":"ENOENT: no such file or directory, open '/home/gork/.config/Postman/Postman_Config/proxy'","stack":"Error: ENOENT: no such file or directory, open '/home/gork/.config/Postman/Postman_Config/proxy'"}]
[7507][1597342198745][main][info]["CloudProxyManager~init - Success"]
[7507][1597342198752][main][info]["UpdateHandler~init - Success"]
[7507][1597342198753][main][info]["RuntimeExecutionService~initialized: Success"]
[7507][1597342208639][main][info]["window-manager~newSharedWindow: Shell loaded"]
[7507][1597342210084][main][info]["Bootstrap-models~bootstrap - Success"]
[7507][1597342212157][main][info]["LinuxAutoUpdater~Cleanup - Initial cleanup successful"]
[7507][1597342215760][main][info]["Main~AppEvents - Received booted event for process shared"]
[7507][1597342221014][main][info]["UpdateHandler~app-update-events - Received event",{"name":"checkForElectronVersionUpdated","namespace":"appUpdate"}]
[7507][1597342221273][main][info]["Main~AppEvents - Received booted event for process requester"]
[7507][1597342237092][main][info]["UpdateHandler~app-update-events - Received event",{"data":{"additionalParamsString":"installationId=17783b96-562d-46ca-a64b-3732db25667b&userId=11358074&syncEnabled=true&teamPlan=sync-free-forever-trial","appId":"17783b96-562d-46ca-a64b-3732db25667b","arch":"64","channel":"stable","downloadURL":"https://dl.pstmn.io/download/version/7.30.1/linux_64","downloadVersion":"7.30.1","platform":"LINUX","updateServerDomain":"https://dl.pstmn.io/","userAgent":"Mozilla/5.0 (X11; Linux x86_64) AppleWebKit/537.36 (KHTML, like Gecko) Postman/7.28.0 Chrome/78.0.3904.130 Electron/7.2.3 Safari/537.36","userId":"11358074","version":"7.28.0"},"name":"updateElectron","namespace":"appUpdate"}]
[7507][1597342237095][main][info]["LinuxUpdater~downloadUpdate - UpdateInfo received",{"additionalParamsString":"installationId=17783b96-562d-46ca-a64b-3732db25667b&userId=11358074&syncEnabled=true&teamPlan=sync-free-forever-trial","appId":"17783b96-562d-46ca-a64b-3732db25667b","arch":"64","channel":"stable","downloadURL":"https://dl.pstmn.io/download/version/7.30.1/linux_64","downloadVersion":"7.30.1","platform":"LINUX","updateServerDomain":"https://dl.pstmn.io/","userAgent":"Mozilla/5.0 (X11; Linux x86_64) AppleWebKit/537.36 (KHTML, like Gecko) Postman/7.28.0 Chrome/78.0.3904.130 Electron/7.2.3 Safari/537.36","userId":"11358074","version":"7.28.0"}]
[7507][1597342332729][main][info]["@postman/app-updater: Update updateDownloaded","","Postman","","https://dl.pstmn.io/download/version/7.30.1/linux_64","7.30.1"]
[7507][1597342332844][main][info]["UpdateHandler~app-update-events - Received event",{"name":"electronAppUpdateDownloaded","namespace":"appUpdate","data":{"name":"Postman","notes":"","date":"","URL":"https://dl.pstmn.io/download/version/7.30.1/linux_64","downloadVersion":"7.30.1"}}]
[7507][1597342588752][main][info]["WindowManager~closeHandler - Closed Window (id: 3 )"]
[7507][1597342589705][main][info]["Quitting app"]
[7507][1597342589872][main][info]["Applying update and quit the app"]
[7507][1597342589888][main][info]["@postman/app-updater: quitting app to update"]
[7507][1597342589889][main][info]["LinuxAutoUpdater~quitAndInstall - Initiated"]
[7507][1597342589909][main][info]["LinuxAutoUpdater~quitAndInstall - Quitting for update"]
[20465][1597345871512][main][info]["Booting Postman 7.30.1, linux-5.6.8-arch1-1 on x64"]
[20465][1597345871517][main][info]["EventBus~initialize - Success"]
[20465][1597345871530][main][warn]["CloudProxyManager~init: Error while reading proxy configuration from user data - ",{"errno":-2,"code":"ENOENT","syscall":"open","path":"/home/gork/.config/Postman/Postman_Config/proxy","name":"Error","message":"ENOENT: no such file or directory, open '/home/gork/.config/Postman/Postman_Config/proxy'","stack":"Error: ENOENT: no such file or directory, open '/home/gork/.config/Postman/Postman_Config/proxy'"}]
[20465][1597345871531][main][info]["CloudProxyManager~init - Success"]
[20465][1597345871539][main][info]["UpdateHandler~init - Success"]
[20465][1597345873803][main][info]["RuntimeIPCAgent~started: Success"]
[20465][1597345879520][main][info]["window-manager~newSharedWindow: Shell loaded"]
[20465][1597345880511][main][info]["LinuxAutoUpdater~Cleanup - Initial cleanup successful"]
[20465][1597345880698][main][info]["Bootstrap-models~bootstrap - Success"]
[20465][1597345885994][main][info]["Main~AppEvents - Received booted event for process shared"]
[20465][1597345889826][main][info]["UpdateHandler~app-update-events - Received event",{"name":"checkForElectronVersionUpdated","namespace":"appUpdate"}]
[20465][1597345889831][main][info]["@postman/app-updater: version Updated","7.28.0","7.30.1"]
[20465][1597345889832][main][info]["UpdateHandler~app-update-events - Received event",{"name":"electronVersionUpdated","namespace":"appUpdate","data":{"lastKnownVersion":"7.28.0","currentVersion":"7.30.1"}}]
[20465][1597345889872][main][info]["Main~AppEvents - Received booted event for process requester"]
[20465][1597348450981][main][info]["WindowManager~closeHandler - Closed Window (id: 3 )"]
[20465][1597348452006][main][info]["Quitting app"]
[33759][1597349468048][main][info]["Booting Postman 7.30.1, linux-5.6.8-arch1-1 on x64"]
[33759][1597349468051][main][info]["EventBus~initialize - Success"]
[33759][1597349468054][main][warn]["CloudProxyManager~init: Error while reading proxy configuration from user data - ",{"errno":-2,"code":"ENOENT","syscall":"open","path":"/home/gork/.config/Postman/Postman_Config/proxy","name":"Error","message":"ENOENT: no such file or directory, open '/home/gork/.config/Postman/Postman_Config/proxy'","stack":"Error: ENOENT: no such file or directory, open '/home/gork/.config/Postman/Postman_Config/proxy'"}]
[33759][1597349468055][main][info]["CloudProxyManager~init - Success"]
[33759][1597349468064][main][info]["UpdateHandler~init - Success"]
[33759][1597349470586][main][info]["RuntimeIPCAgent~started: Success"]
[33759][1597349471744][main][info]["LinuxAutoUpdater~Cleanup - Initial cleanup successful"]
[33759][1597349473575][main][info]["Bootstrap-models~bootstrap - Success"]
[33759][1597349474383][main][info]["window-manager~newSharedWindow: Shell loaded"]
[33759][1597349481262][main][info]["Main~AppEvents - Received booted event for process shared"]
[33759][1597349490604][main][info]["UpdateHandler~app-update-events - Received event",{"name":"checkForElectronVersionUpdated","namespace":"appUpdate"}]
[33759][1597349490634][main][info]["Main~AppEvents - Received booted event for process requester"]
[33759][1597352018325][main][info]["WindowManager~closeHandler - Closed Window (id: 3 )"]
[33759][1597352018435][main][info]["Quitting app"]
[7574][1603780776549][main][info]["Booting Postman 7.30.1, linux-5.6.8-arch1-1 on x64"]
[7574][1603780776555][main][info]["EventBus~initialize - Success"]
[7574][1603780776639][main][warn]["CloudProxyManager~init: Error while reading proxy configuration from user data - ",{"errno":-2,"code":"ENOENT","syscall":"open","path":"/home/gork/.config/Postman/Postman_Config/proxy","name":"Error","message":"ENOENT: no such file or directory, open '/home/gork/.config/Postman/Postman_Config/proxy'","stack":"Error: ENOENT: no such file or directory, open '/home/gork/.config/Postman/Postman_Config/proxy'"}]
[7574][1603780776641][main][info]["CloudProxyManager~init - Success"]
[7574][1603780776653][main][info]["UpdateHandler~init - Success"]
[7574][1603780779786][main][info]["RuntimeIPCAgent~started: Success"]
[7574][1603780781688][main][info]["LinuxAutoUpdater~Cleanup - Initial cleanup successful"]
[7574][1603780782592][main][info]["Bootstrap-models~bootstrap - Success"]
[7574][1603780784726][main][info]["window-manager~newSharedWindow: Shell loaded"]
[7574][1603780793553][main][info]["Main~AppEvents - Received booted event for process shared"]
[7574][1603780801576][main][info]["UpdateHandler~app-update-events - Received event",{"name":"checkForElectronVersionUpdated","namespace":"appUpdate"}]
[7574][1603780801611][main][info]["Main~AppEvents - Received booted event for process requester"]
[7574][1603780851114][main][info]["UpdateHandler~app-update-events - Received event",{"data":{"additionalParamsString":"installationId=17783b96-562d-46ca-a64b-3732db25667b&userId=11358074&syncEnabled=true&teamPlan=sync-free-forever-trial","appId":"17783b96-562d-46ca-a64b-3732db25667b","arch":"64","channel":"stable","downloadURL":"https://dl.pstmn.io/download/version/7.34.0/linux_64","downloadVersion":"7.34.0","platform":"LINUX","updateServerDomain":"https://dl.pstmn.io/","userAgent":"Mozilla/5.0 (X11; Linux x86_64) AppleWebKit/537.36 (KHTML, like Gecko) Postman/7.30.1 Chrome/78.0.3904.130 Electron/7.3.2 Safari/537.36","userId":"11358074","version":"7.30.1"},"name":"updateElectron","namespace":"appUpdate"}]
[7574][1603780851116][main][info]["LinuxUpdater~downloadUpdate - UpdateInfo received",{"additionalParamsString":"installationId=17783b96-562d-46ca-a64b-3732db25667b&userId=11358074&syncEnabled=true&teamPlan=sync-free-forever-trial","appId":"17783b96-562d-46ca-a64b-3732db25667b","arch":"64","channel":"stable","downloadURL":"https://dl.pstmn.io/download/version/7.34.0/linux_64","downloadVersion":"7.34.0","platform":"LINUX","updateServerDomain":"https://dl.pstmn.io/","userAgent":"Mozilla/5.0 (X11; Linux x86_64) AppleWebKit/537.36 (KHTML, like Gecko) Postman/7.30.1 Chrome/78.0.3904.130 Electron/7.3.2 Safari/537.36","userId":"11358074","version":"7.30.1"}]
[7574][1603780967070][main][info]["WindowManager~closeHandler - Closed Window (id: 3 )"]
[7574][1603780967812][main][info]["Quitting app"]
[27733][1603787635538][main][info]["Booting Postman 7.30.1, linux-5.6.8-arch1-1 on x64"]
[27733][1603787635544][main][info]["EventBus~initialize - Success"]
[27733][1603787635661][main][warn]["CloudProxyManager~init: Error while reading proxy configuration from user data - ",{"errno":-2,"code":"ENOENT","syscall":"open","path":"/home/gork/.config/Postman/Postman_Config/proxy","name":"Error","message":"ENOENT: no such file or directory, open '/home/gork/.config/Postman/Postman_Config/proxy'","stack":"Error: ENOENT: no such file or directory, open '/home/gork/.config/Postman/Postman_Config/proxy'"}]
[27733][1603787635663][main][info]["CloudProxyManager~init - Success"]
[27733][1603787635677][main][info]["UpdateHandler~init - Success"]
[27733][1603787639024][main][info]["RuntimeIPCAgent~started: Success"]
[27733][1603787642276][main][info]["LinuxAutoUpdater~Cleanup - Initial cleanup successful"]
[27733][1603787642974][main][info]["Bootstrap-models~bootstrap - Success"]
[27733][1603787645481][main][info]["window-manager~newSharedWindow: Shell loaded"]
[27733][1603787654682][main][info]["Main~AppEvents - Received booted event for process shared"]
[27733][1603787662518][main][info]["UpdateHandler~app-update-events - Received event",{"name":"checkForElectronVersionUpdated","namespace":"appUpdate"}]
[27733][1603787662782][main][info]["Main~AppEvents - Received booted event for process requester"]
[27733][1603787676690][main][info]["UpdateHandler~app-update-events - Received event",{"data":{"additionalParamsString":"installationId=17783b96-562d-46ca-a64b-3732db25667b&userId=11358074&syncEnabled=true&teamPlan=sync-free-forever-trial","appId":"17783b96-562d-46ca-a64b-3732db25667b","arch":"64","channel":"stable","downloadURL":"https://dl.pstmn.io/download/version/7.34.0/linux_64","downloadVersion":"7.34.0","platform":"LINUX","updateServerDomain":"https://dl.pstmn.io/","userAgent":"Mozilla/5.0 (X11; Linux x86_64) AppleWebKit/537.36 (KHTML, like Gecko) Postman/7.30.1 Chrome/78.0.3904.130 Electron/7.3.2 Safari/537.36","userId":"11358074","version":"7.30.1"},"name":"updateElectron","namespace":"appUpdate"}]
[27733][1603787676691][main][info]["LinuxUpdater~downloadUpdate - UpdateInfo received",{"additionalParamsString":"installationId=17783b96-562d-46ca-a64b-3732db25667b&userId=11358074&syncEnabled=true&teamPlan=sync-free-forever-trial","appId":"17783b96-562d-46ca-a64b-3732db25667b","arch":"64","channel":"stable","downloadURL":"https://dl.pstmn.io/download/version/7.34.0/linux_64","downloadVersion":"7.34.0","platform":"LINUX","updateServerDomain":"https://dl.pstmn.io/","userAgent":"Mozilla/5.0 (X11; Linux x86_64) AppleWebKit/537.36 (KHTML, like Gecko) Postman/7.30.1 Chrome/78.0.3904.130 Electron/7.3.2 Safari/537.36","userId":"11358074","version":"7.30.1"}]
[27733][1603789028194][main][info]["@postman/app-updater: error",{"errno":"ECONNRESET","code":"ECONNRESET","syscall":"read","name":"Error","message":"read ECONNRESET","stack":"Error: read ECONNRESET\n    at TLSWrap.onStreamRead (internal/stream_base_commons.js:183:27)"},{"packageName":"Postman","eID":"Postman-1603787676692","downloadURL":"https://dl.pstmn.io/download/version/7.34.0/linux_64","downloadDirectory":"/opt/postman","downloadInfo":{"status":"DOWNLOAD_ERROR","error":{"errno":"ECONNRESET","code":"ECONNRESET","syscall":"read"},"downloadDirectory":"/opt/postman"}}]
[27733][1603789028200][main][info]["UpdateHandler~app-update-events - Received event",{"name":"electronAppUpdateError","namespace":"appUpdate","data":{"error":{"errno":"ECONNRESET","code":"ECONNRESET","syscall":"read","name":"Error","message":"read ECONNRESET","stack":"Error: read ECONNRESET\n    at TLSWrap.onStreamRead (internal/stream_base_commons.js:183:27)"},"updateData":{"packageName":"Postman","eID":"Postman-1603787676692","downloadURL":"https://dl.pstmn.io/download/version/7.34.0/linux_64","downloadDirectory":"/opt/postman","downloadInfo":{"status":"DOWNLOAD_ERROR","error":{"errno":"ECONNRESET","code":"ECONNRESET","syscall":"read"},"downloadDirectory":"/opt/postman"}}}}]
[27733][1603789029033][main][info]["@postman/app-updater: error",{"killed":false,"code":2,"signal":null,"cmd":"tar -xzf \"/opt/postman/Postman-1603787676692.tar.gz\" -C \"/opt/postman/Postman-1603787676692\" --strip-components=2 \"Postman/app/\"","name":"Error","message":"Command failed: tar -xzf \"/opt/postman/Postman-1603787676692.tar.gz\" -C \"/opt/postman/Postman-1603787676692\" --strip-components=2 \"Postman/app/\"\n\ngzip: stdin: unexpected end of file\ntar: Unexpected EOF in archive\ntar: Unexpected EOF in archive\ntar: Error is not recoverable: exiting now\n","stack":"Error: Command failed: tar -xzf \"/opt/postman/Postman-1603787676692.tar.gz\" -C \"/opt/postman/Postman-1603787676692\" --strip-components=2 \"Postman/app/\"\n\ngzip: stdin: unexpected end of file\ntar: Unexpected EOF in archive\ntar: Unexpected EOF in archive\ntar: Error is not recoverable: exiting now\n\n    at ChildProcess.exithandler (child_process.js:308:12)\n    at ChildProcess.emit (events.js:203:13)\n    at ChildProcess.EventEmitter.emit (domain.js:476:20)\n    at maybeClose (internal/child_process.js:1021:16)\n    at Process.ChildProcess._handle.onexit (internal/child_process.js:283:5)"},{"packageName":"Postman","eID":"Postman-1603787676692","downloadURL":"https://dl.pstmn.io/download/version/7.34.0/linux_64","downloadDirectory":"/opt/postman","downloadInfo":{"status":"DOWNLOAD_COMPLETED","error":null,"downloadDirectory":"/opt/postman"},"extractInfo":{"status":"EXTRACTION_FAILED","error":{"killed":false,"code":2,"signal":null,"cmd":"tar -xzf \"/opt/postman/Postman-1603787676692.tar.gz\" -C \"/opt/postman/Postman-1603787676692\" --strip-components=2 \"Postman/app/\""},"extractDirectory":"/opt/postman"}}]
[27733][1603789029035][main][info]["UpdateHandler~app-update-events - Received event",{"name":"electronAppUpdateError","namespace":"appUpdate","data":{"error":{"killed":false,"code":2,"signal":null,"cmd":"tar -xzf \"/opt/postman/Postman-1603787676692.tar.gz\" -C \"/opt/postman/Postman-1603787676692\" --strip-components=2 \"Postman/app/\"","name":"Error","message":"Command failed: tar -xzf \"/opt/postman/Postman-1603787676692.tar.gz\" -C \"/opt/postman/Postman-1603787676692\" --strip-components=2 \"Postman/app/\"\n\ngzip: stdin: unexpected end of file\ntar: Unexpected EOF in archive\ntar: Unexpected EOF in archive\ntar: Error is not recoverable: exiting now\n","stack":"Error: Command failed: tar -xzf \"/opt/postman/Postman-1603787676692.tar.gz\" -C \"/opt/postman/Postman-1603787676692\" --strip-components=2 \"Postman/app/\"\n\ngzip: stdin: unexpected end of file\ntar: Unexpected EOF in archive\ntar: Unexpected EOF in archive\ntar: Error is not recoverable: exiting now\n\n    at ChildProcess.exithandler (child_process.js:308:12)\n    at ChildProcess.emit (events.js:203:13)\n    at ChildProcess.EventEmitter.emit (domain.js:476:20)\n    at maybeClose (internal/child_process.js:1021:16)\n    at Process.ChildProcess._handle.onexit (internal/child_process.js:283:5)"},"updateData":{"packageName":"Postman","eID":"Postman-1603787676692","downloadURL":"https://dl.pstmn.io/download/version/7.34.0/linux_64","downloadDirectory":"/opt/postman","downloadInfo":{"status":"DOWNLOAD_COMPLETED","error":null,"downloadDirectory":"/opt/postman"},"extractInfo":{"status":"EXTRACTION_FAILED","error":{"killed":false,"code":2,"signal":null,"cmd":"tar -xzf \"/opt/postman/Postman-1603787676692.tar.gz\" -C \"/opt/postman/Postman-1603787676692\" --strip-components=2 \"Postman/app/\""},"extractDirectory":"/opt/postman"}}}}]
[27733][1603814923138][main][info]["WindowManager~closeHandler - Closed Window (id: 3 )"]
[27733][1603814924473][main][info]["Quitting app"]
[49821][1606151815947][main][info]["Booting Postman 7.30.1, linux-5.6.8-arch1-1 on x64"]
[49821][1606151815951][main][info]["EventBus~initialize - Success"]
[49821][1606151815968][main][warn]["CloudProxyManager~init: Error while reading proxy configuration from user data - ",{"errno":-2,"code":"ENOENT","syscall":"open","path":"/home/gork/.config/Postman/Postman_Config/proxy","name":"Error","message":"ENOENT: no such file or directory, open '/home/gork/.config/Postman/Postman_Config/proxy'","stack":"Error: ENOENT: no such file or directory, open '/home/gork/.config/Postman/Postman_Config/proxy'"}]
[49821][1606151815970][main][info]["CloudProxyManager~init - Success"]
[49821][1606151815982][main][info]["UpdateHandler~init - Success"]
[49821][1606151817941][main][info]["RuntimeIPCAgent~started: Success"]
[49821][1606151819583][main][info]["LinuxAutoUpdater~Cleanup - Initial cleanup successful"]
[49821][1606151820182][main][info]["Bootstrap-models~bootstrap - Success"]
[49821][1606151822195][main][info]["window-manager~newSharedWindow: Shell loaded"]
[49821][1606151827767][main][info]["Main~AppEvents - Received booted event for process shared"]
[49821][1606151833490][main][info]["UpdateHandler~app-update-events - Received event",{"name":"checkForElectronVersionUpdated","namespace":"appUpdate"}]
[49821][1606151833555][main][info]["Main~AppEvents - Received booted event for process requester"]
[49821][1606151845281][main][info]["UpdateHandler~app-update-events - Received event",{"data":{"additionalParamsString":"installationId=17783b96-562d-46ca-a64b-3732db25667b&userId=11358074&syncEnabled=true&teamPlan=sync-free-forever-trial","appId":"17783b96-562d-46ca-a64b-3732db25667b","arch":"64","channel":"stable","downloadURL":"https://dl.pstmn.io/download/version/7.36.0/linux_64","downloadVersion":"7.36.0","platform":"LINUX","updateServerDomain":"https://dl.pstmn.io/","userAgent":"Mozilla/5.0 (X11; Linux x86_64) AppleWebKit/537.36 (KHTML, like Gecko) Postman/7.30.1 Chrome/78.0.3904.130 Electron/7.3.2 Safari/537.36","userId":"11358074","version":"7.30.1"},"name":"updateElectron","namespace":"appUpdate"}]
[49821][1606151845282][main][info]["LinuxUpdater~downloadUpdate - UpdateInfo received",{"additionalParamsString":"installationId=17783b96-562d-46ca-a64b-3732db25667b&userId=11358074&syncEnabled=true&teamPlan=sync-free-forever-trial","appId":"17783b96-562d-46ca-a64b-3732db25667b","arch":"64","channel":"stable","downloadURL":"https://dl.pstmn.io/download/version/7.36.0/linux_64","downloadVersion":"7.36.0","platform":"LINUX","updateServerDomain":"https://dl.pstmn.io/","userAgent":"Mozilla/5.0 (X11; Linux x86_64) AppleWebKit/537.36 (KHTML, like Gecko) Postman/7.30.1 Chrome/78.0.3904.130 Electron/7.3.2 Safari/537.36","userId":"11358074","version":"7.30.1"}]
[49821][1606151909823][main][info]["@postman/app-updater: error",{"cmd":"tar -xzf \"/opt/postman/Postman-1606151845283.tar.gz\" -C \"/opt/postman/Postman-1606151845283\" --strip-components=2 \"Postman/app/\"","name":"RangeError","message":"stderr maxBuffer length exceeded","stack":"RangeError [ERR_CHILD_PROCESS_STDIO_MAXBUFFER]: stderr maxBuffer length exceeded\n    at Socket.onChildStderr (child_process.js:391:14)\n    at Socket.emit (events.js:203:13)\n    at Socket.EventEmitter.emit (domain.js:476:20)\n    at addChunk (_stream_readable.js:295:12)\n    at readableAddChunk (_stream_readable.js:272:13)\n    at Socket.Readable.push (_stream_readable.js:210:10)\n    at Pipe.onStreamRead (internal/stream_base_commons.js:166:17)"},{"packageName":"Postman","eID":"Postman-1606151845283","downloadURL":"https://dl.pstmn.io/download/version/7.36.0/linux_64","downloadDirectory":"/opt/postman","downloadInfo":{"status":"DOWNLOAD_COMPLETED","error":null,"downloadDirectory":"/opt/postman"},"extractInfo":{"status":"EXTRACTION_FAILED","error":{"cmd":"tar -xzf \"/opt/postman/Postman-1606151845283.tar.gz\" -C \"/opt/postman/Postman-1606151845283\" --strip-components=2 \"Postman/app/\""},"extractDirectory":"/opt/postman"}}]
[49821][1606151909825][main][info]["UpdateHandler~app-update-events - Received event",{"name":"electronAppUpdateError","namespace":"appUpdate","data":{"error":{"cmd":"tar -xzf \"/opt/postman/Postman-1606151845283.tar.gz\" -C \"/opt/postman/Postman-1606151845283\" --strip-components=2 \"Postman/app/\"","name":"RangeError","message":"stderr maxBuffer length exceeded","stack":"RangeError [ERR_CHILD_PROCESS_STDIO_MAXBUFFER]: stderr maxBuffer length exceeded\n    at Socket.onChildStderr (child_process.js:391:14)\n    at Socket.emit (events.js:203:13)\n    at Socket.EventEmitter.emit (domain.js:476:20)\n    at addChunk (_stream_readable.js:295:12)\n    at readableAddChunk (_stream_readable.js:272:13)\n    at Socket.Readable.push (_stream_readable.js:210:10)\n    at Pipe.onStreamRead (internal/stream_base_commons.js:166:17)"},"updateData":{"packageName":"Postman","eID":"Postman-1606151845283","downloadURL":"https://dl.pstmn.io/download/version/7.36.0/linux_64","downloadDirectory":"/opt/postman","downloadInfo":{"status":"DOWNLOAD_COMPLETED","error":null,"downloadDirectory":"/opt/postman"},"extractInfo":{"status":"EXTRACTION_FAILED","error":{"cmd":"tar -xzf \"/opt/postman/Postman-1606151845283.tar.gz\" -C \"/opt/postman/Postman-1606151845283\" --strip-components=2 \"Postman/app/\""},"extractDirectory":"/opt/postman"}}}}]
[49821][1606159105589][main][info]["WindowManager~closeHandler - Closed Window (id: 3 )"]
[49821][1606159105634][main][info]["Quitting app"]
[6242][1606996119918][main][info]["Booting Postman 7.30.1, linux-5.6.8-arch1-1 on x64"]
[6242][1606996119921][main][info]["EventBus~initialize - Success"]
[6242][1606996119953][main][warn]["CloudProxyManager~init: Error while reading proxy configuration from user data - ",{"errno":-2,"code":"ENOENT","syscall":"open","path":"/home/gork/.config/Postman/Postman_Config/proxy","name":"Error","message":"ENOENT: no such file or directory, open '/home/gork/.config/Postman/Postman_Config/proxy'","stack":"Error: ENOENT: no such file or directory, open '/home/gork/.config/Postman/Postman_Config/proxy'"}]
[6242][1606996119954][main][info]["CloudProxyManager~init - Success"]
[6242][1606996119963][main][info]["UpdateHandler~init - Success"]
[6242][1606996121761][main][info]["RuntimeIPCAgent~started: Success"]
[6242][1606996124586][main][info]["LinuxAutoUpdater~Cleanup - Initial cleanup successful"]
[6242][1606996124810][main][info]["Bootstrap-models~bootstrap - Success"]
[6242][1606996126736][main][info]["window-manager~newSharedWindow: Shell loaded"]
[6242][1606996132083][main][info]["Main~AppEvents - Received booted event for process shared"]
[6242][1606996136766][main][info]["UpdateHandler~app-update-events - Received event",{"name":"checkForElectronVersionUpdated","namespace":"appUpdate"}]
[6242][1606996136785][main][info]["Main~AppEvents - Received booted event for process requester"]
[6242][1606996147891][main][info]["UpdateHandler~app-update-events - Received event",{"data":{"additionalParamsString":"installationId=17783b96-562d-46ca-a64b-3732db25667b&userId=11358074&syncEnabled=true&teamPlan=sync-free-forever-trial","appId":"17783b96-562d-46ca-a64b-3732db25667b","arch":"64","channel":"stable","downloadURL":"https://dl.pstmn.io/download/version/7.36.0/linux_64","downloadVersion":"7.36.0","platform":"LINUX","updateServerDomain":"https://dl.pstmn.io/","userAgent":"Mozilla/5.0 (X11; Linux x86_64) AppleWebKit/537.36 (KHTML, like Gecko) Postman/7.30.1 Chrome/78.0.3904.130 Electron/7.3.2 Safari/537.36","userId":"11358074","version":"7.30.1"},"name":"updateElectron","namespace":"appUpdate"}]
[6242][1606996147893][main][info]["LinuxUpdater~downloadUpdate - UpdateInfo received",{"additionalParamsString":"installationId=17783b96-562d-46ca-a64b-3732db25667b&userId=11358074&syncEnabled=true&teamPlan=sync-free-forever-trial","appId":"17783b96-562d-46ca-a64b-3732db25667b","arch":"64","channel":"stable","downloadURL":"https://dl.pstmn.io/download/version/7.36.0/linux_64","downloadVersion":"7.36.0","platform":"LINUX","updateServerDomain":"https://dl.pstmn.io/","userAgent":"Mozilla/5.0 (X11; Linux x86_64) AppleWebKit/537.36 (KHTML, like Gecko) Postman/7.30.1 Chrome/78.0.3904.130 Electron/7.3.2 Safari/537.36","userId":"11358074","version":"7.30.1"}]
[6242][1606996890123][main][info]["@postman/app-updater: Update updateDownloaded","","Postman","","https://dl.pstmn.io/download/version/7.36.0/linux_64","7.36.0"]
[6242][1606996890125][main][info]["UpdateHandler~app-update-events - Received event",{"name":"electronAppUpdateDownloaded","namespace":"appUpdate","data":{"name":"Postman","notes":"","date":"","URL":"https://dl.pstmn.io/download/version/7.36.0/linux_64","downloadVersion":"7.36.0"}}]
[46876][1613160370024][main][info]["Booting Postman 8.0.4, linux-5.6.8-arch1-1 on x64"]
[46876][1613160370028][main][info]["EventBus~initialize - Success"]
[46876][1613160370138][main][warn]["CloudProxyManager~init: Error while reading proxy configuration from user data - ",{"errno":-2,"code":"ENOENT","syscall":"open","path":"/home/gork/.config/Postman/Postman_Config/proxy","name":"Error","message":"ENOENT: no such file or directory, open '/home/gork/.config/Postman/Postman_Config/proxy'","stack":"Error: ENOENT: no such file or directory, open '/home/gork/.config/Postman/Postman_Config/proxy'"}]
[46876][1613160370140][main][info]["CloudProxyManager~init - Success"]
[46876][1613160370155][main][info]["UpdateHandler~init - Success"]
[46876][1613160370554][main][info]["RuntimeIPCAgent~started: Success"]
[46876][1613160371167][main][info]["LinuxAutoUpdater~Cleanup - Initial cleanup successful"]
[46876][1613160371748][main][info]["window-manager~newSharedWindow: Shell loaded"]
[46876][1613160372099][main][info]["Bootstrap-models~bootstrap - Success"]
[46876][1613160378817][main][info]["Main~AppEvents - Received booted event for process shared"]
[46876][1613160383518][main][info]["UpdateHandler~app-update-events - Received event",{"name":"checkForElectronVersionUpdated","namespace":"appUpdate"}]
[46876][1613160383537][main][info]["@postman/app-updater: version Updated","7.30.1","8.0.4"]
[46876][1613160383541][main][info]["UpdateHandler~app-update-events - Received event",{"name":"electronVersionUpdated","namespace":"appUpdate","data":{"lastKnownVersion":"7.30.1","currentVersion":"8.0.4"}}]
[46876][1613160383577][main][info]["Main~AppEvents - Received booted event for process requester"]
[46876][1613160396286][main][info]["UpdateHandler~app-update-events - Received event",{"name":"updateElectron","namespace":"appUpdate","data":{"channel":"stable","version":"8.0.4","downloadVersion":"8.0.5","appId":"17783b96-562d-46ca-a64b-3732db25667b","userAgent":"Mozilla/5.0 (X11; Linux x86_64) AppleWebKit/537.36 (KHTML, like Gecko) Postman/8.0.4 Chrome/83.0.4103.122 Electron/9.4.0 Safari/537.36","platform":"LINUX","arch":"64","downloadURL":"https://dl.pstmn.io/download/version/8.0.5/linux_64","updateServerDomain":"https://dl.pstmn.io/","additionalParamsString":"installationId=17783b96-562d-46ca-a64b-3732db25667b&userId=11358074&syncEnabled=true&teamPlan=&teamId=0","userId":"11358074"}}]
[46876][1613160396291][main][info]["LinuxUpdater~downloadUpdate - UpdateInfo received",{"channel":"stable","version":"8.0.4","downloadVersion":"8.0.5","appId":"17783b96-562d-46ca-a64b-3732db25667b","userAgent":"Mozilla/5.0 (X11; Linux x86_64) AppleWebKit/537.36 (KHTML, like Gecko) Postman/8.0.4 Chrome/83.0.4103.122 Electron/9.4.0 Safari/537.36","platform":"LINUX","arch":"64","downloadURL":"https://dl.pstmn.io/download/version/8.0.5/linux_64","updateServerDomain":"https://dl.pstmn.io/","additionalParamsString":"installationId=17783b96-562d-46ca-a64b-3732db25667b&userId=11358074&syncEnabled=true&teamPlan=&teamId=0","userId":"11358074"}]
[46876][1613160397057][main][info]["@postman/app-updater: error",{"errno":-13,"code":"EACCES","syscall":"open","path":"/opt/postman/Postman-1613160396293.tar.gz","name":"Error","message":"EACCES: permission denied, open '/opt/postman/Postman-1613160396293.tar.gz'","stack":"Error: EACCES: permission denied, open '/opt/postman/Postman-1613160396293.tar.gz'"},{"packageName":"Postman","eID":"Postman-1613160396293","downloadURL":"https://dl.pstmn.io/download/version/8.0.5/linux_64","downloadDirectory":"/opt/postman","downloadInfo":{"status":"DOWNLOAD_ERROR","error":{"errno":-13,"code":"EACCES","syscall":"open","path":"/opt/postman/Postman-1613160396293.tar.gz"},"downloadDirectory":"/opt/postman"}}]
[46876][1613160397059][main][info]["UpdateHandler~app-update-events - Received event",{"name":"electronAppUpdateError","namespace":"appUpdate","data":{"error":{"errno":-13,"code":"EACCES","syscall":"open","path":"/opt/postman/Postman-1613160396293.tar.gz","name":"Error","message":"EACCES: permission denied, open '/opt/postman/Postman-1613160396293.tar.gz'","stack":"Error: EACCES: permission denied, open '/opt/postman/Postman-1613160396293.tar.gz'"},"updateData":{"packageName":"Postman","eID":"Postman-1613160396293","downloadURL":"https://dl.pstmn.io/download/version/8.0.5/linux_64","downloadDirectory":"/opt/postman","downloadInfo":{"status":"DOWNLOAD_ERROR","error":{"errno":-13,"code":"EACCES","syscall":"open","path":"/opt/postman/Postman-1613160396293.tar.gz"},"downloadDirectory":"/opt/postman"}}}}]
[46876][1613167965735][main][info]["Quitting app"]
[19949][1613575574730][main][info]["Booting Postman 8.0.4, linux-5.6.8-arch1-1 on x64"]
[19949][1613575574735][main][info]["EventBus~initialize - Success"]
[19949][1613575574782][main][warn]["CloudProxyManager~init: Error while reading proxy configuration from user data - ",{"errno":-2,"code":"ENOENT","syscall":"open","path":"/home/gork/.config/Postman/Postman_Config/proxy","name":"Error","message":"ENOENT: no such file or directory, open '/home/gork/.config/Postman/Postman_Config/proxy'","stack":"Error: ENOENT: no such file or directory, open '/home/gork/.config/Postman/Postman_Config/proxy'"}]
[19949][1613575574784][main][info]["CloudProxyManager~init - Success"]
[19949][1613575574798][main][info]["UpdateHandler~init - Success"]
[19949][1613575576454][main][info]["RuntimeIPCAgent~started: Success"]
[19949][1613575578272][main][info]["LinuxAutoUpdater~Cleanup - Initial cleanup successful"]
[19949][1613575579080][main][info]["Bootstrap-models~bootstrap - Success"]
[19949][1613575581056][main][info]["window-manager~newSharedWindow: Shell loaded"]
[19949][1613575585771][main][info]["Main~AppEvents - Received booted event for process shared"]
[19949][1613575591434][main][info]["UpdateHandler~app-update-events - Received event",{"name":"checkForElectronVersionUpdated","namespace":"appUpdate"}]
[19949][1613575591484][main][info]["Main~AppEvents - Received booted event for process requester"]
[19949][1613575607548][main][info]["UpdateHandler~app-update-events - Received event",{"name":"updateElectron","namespace":"appUpdate","data":{"channel":"stable","version":"8.0.4","downloadVersion":"8.0.6","appId":"17783b96-562d-46ca-a64b-3732db25667b","userAgent":"Mozilla/5.0 (X11; Linux x86_64) AppleWebKit/537.36 (KHTML, like Gecko) Postman/8.0.4 Chrome/83.0.4103.122 Electron/9.4.0 Safari/537.36","platform":"LINUX","arch":"64","downloadURL":"https://dl.pstmn.io/download/version/8.0.6/linux_64","updateServerDomain":"https://dl.pstmn.io/","additionalParamsString":"installationId=17783b96-562d-46ca-a64b-3732db25667b&userId=11358074&syncEnabled=true&teamPlan=&teamId=0","userId":"11358074"}}]
[19949][1613575607549][main][info]["LinuxUpdater~downloadUpdate - UpdateInfo received",{"channel":"stable","version":"8.0.4","downloadVersion":"8.0.6","appId":"17783b96-562d-46ca-a64b-3732db25667b","userAgent":"Mozilla/5.0 (X11; Linux x86_64) AppleWebKit/537.36 (KHTML, like Gecko) Postman/8.0.4 Chrome/83.0.4103.122 Electron/9.4.0 Safari/537.36","platform":"LINUX","arch":"64","downloadURL":"https://dl.pstmn.io/download/version/8.0.6/linux_64","updateServerDomain":"https://dl.pstmn.io/","additionalParamsString":"installationId=17783b96-562d-46ca-a64b-3732db25667b&userId=11358074&syncEnabled=true&teamPlan=&teamId=0","userId":"11358074"}]
[19949][1613575610310][main][info]["@postman/app-updater: error",{"errno":-13,"code":"EACCES","syscall":"open","path":"/opt/postman/Postman-1613575607550.tar.gz","name":"Error","message":"EACCES: permission denied, open '/opt/postman/Postman-1613575607550.tar.gz'","stack":"Error: EACCES: permission denied, open '/opt/postman/Postman-1613575607550.tar.gz'"},{"packageName":"Postman","eID":"Postman-1613575607550","downloadURL":"https://dl.pstmn.io/download/version/8.0.6/linux_64","downloadDirectory":"/opt/postman","downloadInfo":{"status":"DOWNLOAD_ERROR","error":{"errno":-13,"code":"EACCES","syscall":"open","path":"/opt/postman/Postman-1613575607550.tar.gz"},"downloadDirectory":"/opt/postman"}}]
[19949][1613575610311][main][info]["UpdateHandler~app-update-events - Received event",{"name":"electronAppUpdateError","namespace":"appUpdate","data":{"error":{"errno":-13,"code":"EACCES","syscall":"open","path":"/opt/postman/Postman-1613575607550.tar.gz","name":"Error","message":"EACCES: permission denied, open '/opt/postman/Postman-1613575607550.tar.gz'","stack":"Error: EACCES: permission denied, open '/opt/postman/Postman-1613575607550.tar.gz'"},"updateData":{"packageName":"Postman","eID":"Postman-1613575607550","downloadURL":"https://dl.pstmn.io/download/version/8.0.6/linux_64","downloadDirectory":"/opt/postman","downloadInfo":{"status":"DOWNLOAD_ERROR","error":{"errno":-13,"code":"EACCES","syscall":"open","path":"/opt/postman/Postman-1613575607550.tar.gz"},"downloadDirectory":"/opt/postman"}}}}]
[19949][1613576661132][main][info]["WindowManager~closeHandler - Closed Window (id: 3 )"]
[19949][1613576661218][main][info]["Quitting app"]
