[65581][1589110923843][shell][info]["EventBus~initialize - Success"]
[65581][1589110923985][shell][info]["bootShellCrashReporter~ Success"]
[65581][1589110923991][shell][info]["shellController~init: Success"]
[65581][1589110923992][shell][info]["shellMeta~init: Success"]
[65581][1589110924396][shell][info]["init~setViewAttributes - Initializing view with opts:",{"devtools":false,"id":2,"startTime":1589110915729,"type":"shared","partitionId":"default"}]
[65581][1589110924402][shell][info]["init~setViewAttributes - Success"]
[65581][1589110937624][shell][info]["EventBus~initialize - Success"]
[65581][1589110937671][shell][info]["bootShellCrashReporter~ Success"]
[65581][1589110937682][shell][info]["shellController~init: Success"]
[65581][1589110937683][shell][info]["shellMeta~init: Success"]
[65581][1589110937731][shell][info]["init~setViewAttributes - Initializing view with opts:",{"allIds":[4],"devtools":false,"id":4,"primaryId":4,"startTime":1589110936929,"type":"requester","partitionId":"default"}]
[65581][1589110937736][shell][info]["init~setViewAttributes - Success"]
[141734][1589187142645][shell][info]["EventBus~initialize - Success"]
[141734][1589187142750][shell][info]["bootShellCrashReporter~ Success"]
[141734][1589187142755][shell][info]["shellController~init: Success"]
[141734][1589187142755][shell][info]["shellMeta~init: Success"]
[141734][1589187142887][shell][info]["init~setViewAttributes - Initializing view with opts:",{"devtools":false,"id":2,"startTime":1589187139463,"type":"shared","partitionId":"default"}]
[141734][1589187142899][shell][info]["init~setViewAttributes - Success"]
[141734][1589187148840][shell][info]["EventBus~initialize - Success"]
[141734][1589187148859][shell][info]["bootShellCrashReporter~ Success"]
[141734][1589187148863][shell][info]["shellController~init: Success"]
[141734][1589187148863][shell][info]["shellMeta~init: Success"]
[141734][1589187148885][shell][info]["init~setViewAttributes - Initializing view with opts:",{"allIds":[3],"devtools":false,"id":3,"primaryId":3,"startTime":1589187148391,"type":"requester","partitionId":"default"}]
[141734][1589187148887][shell][info]["init~setViewAttributes - Success"]
[135410][1590055707008][shell][info]["EventBus~initialize - Success"]
[135410][1590055707098][shell][info]["bootShellCrashReporter~ Success"]
[135410][1590055707106][shell][info]["shellController~init: Success"]
[135410][1590055707107][shell][info]["shellMeta~init: Success"]
[135410][1590055707283][shell][info]["init~setViewAttributes - Initializing view with opts:",{"devtools":false,"id":2,"startTime":1590055700282,"type":"shared","partitionId":"default"}]
[135410][1590055707286][shell][info]["init~setViewAttributes - Success"]
[135410][1590055713511][shell][info]["EventBus~initialize - Success"]
[135410][1590055713538][shell][info]["bootShellCrashReporter~ Success"]
[135410][1590055713543][shell][info]["shellController~init: Success"]
[135410][1590055713544][shell][info]["shellMeta~init: Success"]
[135410][1590055713567][shell][info]["init~setViewAttributes - Initializing view with opts:",{"allIds":[3],"devtools":false,"id":3,"primaryId":3,"startTime":1590055712941,"type":"requester","partitionId":"default"}]
[135410][1590055713570][shell][info]["init~setViewAttributes - Success"]
[12248][1592586187136][shell][info]["EventBus~initialize - Success"]
[12248][1592586187781][shell][info]["bootShellCrashReporter~ Success"]
[12248][1592586187811][shell][info]["shellController~init: Success"]
[12248][1592586187823][shell][info]["shellMeta~init: Success"]
[12248][1592586188346][shell][info]["init~setViewAttributes - Initializing view with opts:",{"devtools":false,"id":2,"startTime":1592586181415,"type":"shared","partitionId":"default"}]
[12248][1592586188351][shell][info]["init~setViewAttributes - Success"]
[12248][1592586202767][shell][info]["EventBus~initialize - Success"]
[12248][1592586202790][shell][info]["bootShellCrashReporter~ Success"]
[12248][1592586202797][shell][info]["shellController~init: Success"]
[12248][1592586202799][shell][info]["shellMeta~init: Success"]
[12248][1592586202869][shell][info]["init~setViewAttributes - Initializing view with opts:",{"allIds":[3],"devtools":false,"id":3,"primaryId":3,"startTime":1592586201832,"type":"requester","partitionId":"default"}]
[12248][1592586202876][shell][info]["init~setViewAttributes - Success"]
[18023][1594818270261][shell][info]["EventBus~initialize - Success"]
[18023][1594818270444][shell][info]["bootShellCrashReporter~ Success"]
[18023][1594818270447][shell][info]["shellController~init: Success"]
[18023][1594818270447][shell][info]["shellMeta~init: Success"]
[18023][1594818270611][shell][info]["init~setViewAttributes - Initializing view with opts:",{"devtools":false,"id":2,"startTime":1594818265534,"type":"shared","partitionId":"default"}]
[18023][1594818270613][shell][info]["init~setViewAttributes - Success"]
[18023][1594818276864][shell][info]["EventBus~initialize - Success"]
[18023][1594818276878][shell][info]["bootShellCrashReporter~ Success"]
[18023][1594818276881][shell][info]["shellController~init: Success"]
[18023][1594818276881][shell][info]["shellMeta~init: Success"]
[18023][1594818276906][shell][info]["init~setViewAttributes - Initializing view with opts:",{"allIds":[3],"devtools":false,"id":3,"primaryId":3,"startTime":1594818276479,"type":"requester","partitionId":"default"}]
[18023][1594818276908][shell][info]["init~setViewAttributes - Success"]
[23138][1594819851529][shell][info]["EventBus~initialize - Success"]
[23138][1594819851542][shell][info]["bootShellCrashReporter~ Success"]
[23138][1594819851545][shell][info]["shellController~init: Success"]
[23138][1594819851545][shell][info]["shellMeta~init: Success"]
[23138][1594819851570][shell][info]["init~setViewAttributes - Initializing view with opts:",{"devtools":false,"id":2,"startTime":1594819850903,"type":"shared","partitionId":"default"}]
[23138][1594819851572][shell][info]["init~setViewAttributes - Success"]
[23138][1594819854830][shell][info]["EventBus~initialize - Success"]
[23138][1594819854841][shell][info]["bootShellCrashReporter~ Success"]
[23138][1594819854843][shell][info]["shellController~init: Success"]
[23138][1594819854844][shell][info]["shellMeta~init: Success"]
[23138][1594819854864][shell][info]["init~setViewAttributes - Initializing view with opts:",{"allIds":[3],"devtools":false,"id":3,"primaryId":3,"startTime":1594819854472,"type":"requester","partitionId":"default"}]
[23138][1594819854866][shell][info]["init~setViewAttributes - Success"]
[58801][1595168362138][shell][info]["EventBus~initialize - Success"]
[58801][1595168362268][shell][info]["bootShellCrashReporter~ Success"]
[58801][1595168362273][shell][info]["shellController~init: Success"]
[58801][1595168362273][shell][info]["shellMeta~init: Success"]
[58801][1595168362436][shell][info]["init~setViewAttributes - Initializing view with opts:",{"devtools":false,"id":2,"startTime":1595168357471,"type":"shared","partitionId":"default"}]
[58801][1595168362438][shell][info]["init~setViewAttributes - Success"]
[58801][1595168370366][shell][info]["EventBus~initialize - Success"]
[58801][1595168370379][shell][info]["bootShellCrashReporter~ Success"]
[58801][1595168370382][shell][info]["shellController~init: Success"]
[58801][1595168370383][shell][info]["shellMeta~init: Success"]
[58801][1595168370407][shell][info]["init~setViewAttributes - Initializing view with opts:",{"allIds":[3],"devtools":false,"id":3,"primaryId":3,"startTime":1595168369210,"type":"requester","partitionId":"default"}]
[58801][1595168370409][shell][info]["init~setViewAttributes - Success"]
[1181][1595532496984][shell][info]["EventBus~initialize - Success"]
[1181][1595532497039][shell][info]["bootShellCrashReporter~ Success"]
[1181][1595532497041][shell][info]["shellController~init: Success"]
[1181][1595532497042][shell][info]["shellMeta~init: Success"]
[1181][1595532497092][shell][info]["init~setViewAttributes - Initializing view with opts:",{"devtools":false,"id":2,"startTime":1595532493492,"type":"shared","partitionId":"default"}]
[1181][1595532497094][shell][info]["init~setViewAttributes - Success"]
[1181][1595532501397][shell][info]["EventBus~initialize - Success"]
[1181][1595532501408][shell][info]["bootShellCrashReporter~ Success"]
[1181][1595532501410][shell][info]["shellController~init: Success"]
[1181][1595532501411][shell][info]["shellMeta~init: Success"]
[1181][1595532501430][shell][info]["init~setViewAttributes - Initializing view with opts:",{"allIds":[3],"devtools":false,"id":3,"primaryId":3,"startTime":1595532500954,"type":"requester","partitionId":"default"}]
[1181][1595532501432][shell][info]["init~setViewAttributes - Success"]
[7507][1597342208295][shell][info]["EventBus~initialize - Success"]
[7507][1597342208511][shell][info]["bootShellCrashReporter~ Success"]
[7507][1597342208515][shell][info]["shellController~init: Success"]
[7507][1597342208516][shell][info]["shellMeta~init: Success"]
[7507][1597342208653][shell][info]["init~setViewAttributes - Initializing view with opts:",{"devtools":false,"id":2,"startTime":1597342200361,"type":"shared","partitionId":"default"}]
[7507][1597342208655][shell][info]["init~setViewAttributes - Success"]
[7507][1597342216884][shell][info]["EventBus~initialize - Success"]
[7507][1597342216896][shell][info]["bootShellCrashReporter~ Success"]
[7507][1597342216898][shell][info]["shellController~init: Success"]
[7507][1597342216899][shell][info]["shellMeta~init: Success"]
[7507][1597342216923][shell][info]["init~setViewAttributes - Initializing view with opts:",{"allIds":[3],"devtools":false,"id":3,"primaryId":3,"startTime":1597342215837,"type":"requester","partitionId":"default"}]
[7507][1597342216925][shell][info]["init~setViewAttributes - Success"]
[20465][1597345879154][shell][info]["EventBus~initialize - Success"]
[20465][1597345879336][shell][info]["bootShellCrashReporter~ Success"]
[20465][1597345879339][shell][info]["shellController~init: Success"]
[20465][1597345879339][shell][info]["shellMeta~init: Success"]
[20465][1597345879629][shell][info]["init~setViewAttributes - Initializing view with opts:",{"devtools":false,"id":2,"startTime":1597345874635,"type":"shared","partitionId":"default"}]
[20465][1597345879638][shell][info]["init~setViewAttributes - Success"]
[20465][1597345886479][shell][info]["EventBus~initialize - Success"]
[20465][1597345886490][shell][info]["bootShellCrashReporter~ Success"]
[20465][1597345886493][shell][info]["shellController~init: Success"]
[20465][1597345886494][shell][info]["shellMeta~init: Success"]
[20465][1597345886517][shell][info]["init~setViewAttributes - Initializing view with opts:",{"allIds":[3],"devtools":false,"id":3,"primaryId":3,"startTime":1597345886080,"type":"requester","partitionId":"default"}]
[20465][1597345886518][shell][info]["init~setViewAttributes - Success"]
[33759][1597349474272][shell][info]["EventBus~initialize - Success"]
[33759][1597349474348][shell][info]["bootShellCrashReporter~ Success"]
[33759][1597349474351][shell][info]["shellController~init: Success"]
[33759][1597349474351][shell][info]["shellMeta~init: Success"]
[33759][1597349474402][shell][info]["init~setViewAttributes - Initializing view with opts:",{"devtools":false,"id":2,"startTime":1597349471294,"type":"shared","partitionId":"default"}]
[33759][1597349474404][shell][info]["init~setViewAttributes - Success"]
[33759][1597349482094][shell][info]["EventBus~initialize - Success"]
[33759][1597349482119][shell][info]["bootShellCrashReporter~ Success"]
[33759][1597349482127][shell][info]["shellController~init: Success"]
[33759][1597349482128][shell][info]["shellMeta~init: Success"]
[33759][1597349482210][shell][info]["init~setViewAttributes - Initializing view with opts:",{"allIds":[3],"devtools":false,"id":3,"primaryId":3,"startTime":1597349481313,"type":"requester","partitionId":"default"}]
[33759][1597349482216][shell][info]["init~setViewAttributes - Success"]
[7574][1603780784559][shell][info]["EventBus~initialize - Success"]
[7574][1603780784643][shell][info]["bootShellCrashReporter~ Success"]
[7574][1603780784647][shell][info]["shellController~init: Success"]
[7574][1603780784648][shell][info]["shellMeta~init: Success"]
[7574][1603780784771][shell][info]["init~setViewAttributes - Initializing view with opts:",{"devtools":false,"id":2,"startTime":1603780781355,"type":"shared","partitionId":"default"}]
[7574][1603780784781][shell][info]["init~setViewAttributes - Success"]
[7574][1603780794838][shell][info]["EventBus~initialize - Success"]
[7574][1603780794855][shell][info]["bootShellCrashReporter~ Success"]
[7574][1603780794866][shell][info]["shellController~init: Success"]
[7574][1603780794867][shell][info]["shellMeta~init: Success"]
[7574][1603780794906][shell][info]["init~setViewAttributes - Initializing view with opts:",{"allIds":[3],"devtools":false,"id":3,"primaryId":3,"startTime":1603780793885,"type":"requester","partitionId":"default"}]
[7574][1603780794911][shell][info]["init~setViewAttributes - Success"]
[27733][1603787645134][shell][info]["EventBus~initialize - Success"]
[27733][1603787645370][shell][info]["bootShellCrashReporter~ Success"]
[27733][1603787645376][shell][info]["shellController~init: Success"]
[27733][1603787645377][shell][info]["shellMeta~init: Success"]
[27733][1603787645492][shell][info]["init~setViewAttributes - Initializing view with opts:",{"devtools":false,"id":2,"startTime":1603787640853,"type":"shared","partitionId":"default"}]
[27733][1603787645493][shell][info]["init~setViewAttributes - Success"]
[27733][1603787656851][shell][info]["EventBus~initialize - Success"]
[27733][1603787656862][shell][info]["bootShellCrashReporter~ Success"]
[27733][1603787656865][shell][info]["shellController~init: Success"]
[27733][1603787656865][shell][info]["shellMeta~init: Success"]
[27733][1603787656885][shell][info]["init~setViewAttributes - Initializing view with opts:",{"allIds":[3],"devtools":false,"id":3,"primaryId":3,"startTime":1603787654935,"type":"requester","partitionId":"default"}]
[27733][1603787656887][shell][info]["init~setViewAttributes - Success"]
[49821][1606151822086][shell][info]["EventBus~initialize - Success"]
[49821][1606151822150][shell][info]["bootShellCrashReporter~ Success"]
[49821][1606151822152][shell][info]["shellController~init: Success"]
[49821][1606151822153][shell][info]["shellMeta~init: Success"]
[49821][1606151822207][shell][info]["init~setViewAttributes - Initializing view with opts:",{"devtools":false,"id":2,"startTime":1606151819015,"type":"shared","partitionId":"default"}]
[49821][1606151822209][shell][info]["init~setViewAttributes - Success"]
[49821][1606151828808][shell][info]["EventBus~initialize - Success"]
[49821][1606151828819][shell][info]["bootShellCrashReporter~ Success"]
[49821][1606151828822][shell][info]["shellController~init: Success"]
[49821][1606151828822][shell][info]["shellMeta~init: Success"]
[49821][1606151828844][shell][info]["init~setViewAttributes - Initializing view with opts:",{"allIds":[3],"devtools":false,"id":3,"primaryId":3,"startTime":1606151827836,"type":"requester","partitionId":"default"}]
[49821][1606151828846][shell][info]["init~setViewAttributes - Success"]
[6242][1606996126565][shell][info]["EventBus~initialize - Success"]
[6242][1606996126692][shell][info]["bootShellCrashReporter~ Success"]
[6242][1606996126697][shell][info]["shellController~init: Success"]
[6242][1606996126698][shell][info]["shellMeta~init: Success"]
[6242][1606996126748][shell][info]["init~setViewAttributes - Initializing view with opts:",{"devtools":false,"id":2,"startTime":1606996122641,"type":"shared","partitionId":"default"}]
[6242][1606996126751][shell][info]["init~setViewAttributes - Success"]
[6242][1606996132622][shell][info]["EventBus~initialize - Success"]
[6242][1606996132641][shell][info]["bootShellCrashReporter~ Success"]
[6242][1606996132652][shell][info]["shellController~init: Success"]
[6242][1606996132653][shell][info]["shellMeta~init: Success"]
[6242][1606996132678][shell][info]["init~setViewAttributes - Initializing view with opts:",{"allIds":[3],"devtools":false,"id":3,"primaryId":3,"startTime":1606996132148,"type":"requester","partitionId":"default"}]
[6242][1606996132680][shell][info]["init~setViewAttributes - Success"]
[46876][1613160371599][shell][info]["EventBus~initialize - Success"]
[46876][1613160371617][shell][info]["bootShellCrashReporter~ Success"]
[46876][1613160371755][shell][info]["shellController~init: Success"]
[46876][1613160371756][shell][info]["shellMeta~init: Success"]
[46876][1613160371756][shell][info]["partitionMigrationService: State of V7 partition:"]
[46876][1613160371757][shell][info]["partitionMigrationService: V7 partitions",[{"partitionId":"default","userId":"11358074","lastUpdated":"2020-05-10T11:43:33.316Z"}]]
[46876][1613160371757][shell][info]["partitionMigrationService: V7 lastActiveUser","11358074"]
[46876][1613160371757][shell][info]["partitionMigrationService: V7 activePartition","default"]
[46876][1613160371758][shell][info]["partitionMigrationService: V7 isPartitionDirty",true]
[46876][1613160371758][shell][info]["partitionMigrationService~rectifyNamespaceOfScratchPadPartition: There is no partition with scratchpad namespace"]
[46876][1613160371759][shell][info]["partitionMigrationService~rectifyNamespaceOfScratchPadPartition: There is no transit partition which could have been used for scratchpad"]
[46876][1613160371759][shell][info]["partitionMigrationService~init: Success"]
[46876][1613160371759][shell][info]["partitionMigrationService~runV8PartitionsIntegrity: Two way migration~ making the following partitions orphan on v8",[]]
[46876][1613160371760][shell][info]["partitionMigrationService~runV8PartitionsIntegrity: Two way migration~ removing the following partitions from v8",[]]
[46876][1613160371761][shell][info]["userPartitionService~getV7ActiveUserPartitionIfNotYetMigratedToV8: v7 active user context partition which is not yet migrated to v8","default"]
[46876][1613160371761][shell][info]["userPartitionService~_rectifyTheActivePartitionOfApplication: Setting the active partition to ","default"]
[46876][1613160371763][shell][info]["userPartitionService~init: Success"]
[46876][1613160371765][shell][info]["userPartitionService: State of v8 partition system:"]
[46876][1613160371765][shell][info]["userPartitionService: List of partitions:",[]]
[46876][1613160371765][shell][info]["userPartitionService: users global meta:",{"activePartition":"default"}]
[46876][1613160371766][shell][info]["shell~init~loadView: loading active partition"]
[46876][1613160371766][shell][info]["shell~init~loadView: loading active partition","default"]
[46876][1613160371768][shell][info]["init~setViewAttributes - Initializing view with opts:",{"id":2,"type":"shared","startTime":1613160370769,"devtools":false,"partitionId":"default"}]
[46876][1613160371771][shell][info]["Shell~init~setViewAttributes: passing scratchpad partition id as ","a0876a0f-a63f-4642-afed-effe1a6350ae"]
[46876][1613160371771][shell][info]["Shell~init~setViewAttributes: do we have any logged in users? ",true]
[46876][1613160371772][shell][info]["init~setViewAttributes - Success"]
[46876][1613160378812][shell][info]["Shell~init~sendUsersDataToRenderer",["11358074"]]
[46876][1613160378815][shell][info]["Shell~init~requestTeamIdIfV7Partition: requesting user context from requester web view"]
[46876][1613160378949][shell][info]["Shell~init~attachShellIPCListeners: Received user context from requester web view",{"userId":"11358074","teamId":"1339877"}]
[46876][1613160378950][shell][info]["userPartitionService~associateTransitPartition: ",{"partitionId":"default","context":{"namespace":"users","userId":"11358074","teamId":"1339877"}}]
[46876][1613160378951][shell][info]["userPartitionService: State of v8 partition system:"]
[46876][1613160378951][shell][info]["userPartitionService: List of partitions:",[{"partitionId":"default","namespace":"users","userId":"11358074","teamId":"1339877","lastUpdated":"2021-02-12T20:06:18.950Z"},{"partitionId":"a0876a0f-a63f-4642-afed-effe1a6350ae","namespace":"scratchPad","userId":0,"teamId":0,"isDirty":false}]]
[46876][1613160378952][shell][info]["userPartitionService: users global meta:",{"activePartition":"default"}]
[46876][1613160379388][shell][info]["EventBus~initialize - Success"]
[46876][1613160379401][shell][info]["bootShellCrashReporter~ Success"]
[46876][1613160379437][shell][info]["userPartitionService: State of v8 partition system:"]
[46876][1613160379438][shell][info]["userPartitionService: List of partitions:",[{"partitionId":"default","namespace":"users","userId":"11358074","teamId":"1339877","lastUpdated":"2021-02-12T20:06:18.950Z"},{"partitionId":"a0876a0f-a63f-4642-afed-effe1a6350ae","namespace":"scratchPad","userId":0,"teamId":0,"isDirty":false}]]
[46876][1613160379439][shell][info]["userPartitionService: users global meta:",{"activePartition":"default"}]
[46876][1613160379440][shell][info]["shell~init~loadView: loading active partition"]
[46876][1613160379440][shell][info]["shell~init~loadView: loading active partition","default"]
[46876][1613160379442][shell][info]["init~setViewAttributes - Initializing view with opts:",{"id":3,"type":"requester","startTime":1613160378886,"devtools":false,"primaryId":3,"allIds":[3],"partitionId":"default"}]
[46876][1613160379444][shell][info]["Shell~init~setViewAttributes: passing scratchpad partition id as ","a0876a0f-a63f-4642-afed-effe1a6350ae"]
[46876][1613160379444][shell][info]["Shell~init~setViewAttributes: do we have any logged in users? ",true]
[46876][1613160379446][shell][info]["init~setViewAttributes - Success"]
[46876][1613160383578][shell][info]["Shell~init~sendUsersDataToRenderer",["11358074"]]
[46876][1613160383648][shell][info]["Shell~init~sendUsersDataToRenderer",["11358074"]]
[19949][1613575580962][shell][info]["EventBus~initialize - Success"]
[19949][1613575581033][shell][info]["bootShellCrashReporter~ Success"]
[19949][1613575581086][shell][info]["shellController~init: Success"]
[19949][1613575581087][shell][info]["shellMeta~init: Success"]
[19949][1613575581087][shell][info]["partitionMigrationService: State of V7 partition:"]
[19949][1613575581087][shell][info]["partitionMigrationService: V7 partitions",[{"partitionId":"default","userId":"11358074","lastUpdated":"2020-05-10T11:43:33.316Z"}]]
[19949][1613575581088][shell][info]["partitionMigrationService: V7 lastActiveUser","11358074"]
[19949][1613575581088][shell][info]["partitionMigrationService: V7 activePartition","default"]
[19949][1613575581088][shell][info]["partitionMigrationService: V7 isPartitionDirty",true]
[19949][1613575581089][shell][info]["partitionMigrationService~init: Success"]
[19949][1613575581090][shell][info]["partitionMigrationService~runV8PartitionsIntegrity: Two way migration~ making the following partitions orphan on v8",[]]
[19949][1613575581091][shell][info]["partitionMigrationService~runV8PartitionsIntegrity: Two way migration~ removing the following partitions from v8",[]]
[19949][1613575581093][shell][info]["userPartitionService~getRecentV8UserPartition: recent v8 user context partition ","default"]
[19949][1613575581095][shell][info]["userPartitionService~_rectifyTheActivePartitionOfApplication: Setting the active partition to ","default"]
[19949][1613575581096][shell][info]["userPartitionService~init: Success"]
[19949][1613575581098][shell][info]["userPartitionService: State of v8 partition system:"]
[19949][1613575581098][shell][info]["userPartitionService: List of partitions:",[{"partitionId":"default","namespace":"users","userId":"11358074","teamId":"1339877","lastUpdated":"2021-02-12T20:06:18.950Z"},{"partitionId":"a0876a0f-a63f-4642-afed-effe1a6350ae","namespace":"scratchPad","userId":0,"teamId":0,"isDirty":false}]]
[19949][1613575581100][shell][info]["userPartitionService: users global meta:",{"activePartition":"default"}]
[19949][1613575581101][shell][info]["shell~init~loadView: loading active partition"]
[19949][1613575581101][shell][info]["shell~init~loadView: loading active partition","default"]
[19949][1613575581104][shell][info]["init~setViewAttributes - Initializing view with opts:",{"id":2,"type":"shared","startTime":1613575577726,"devtools":false,"partitionId":"default"}]
[19949][1613575581105][shell][info]["Shell~init~setViewAttributes: passing scratchpad partition id as ","a0876a0f-a63f-4642-afed-effe1a6350ae"]
[19949][1613575581105][shell][info]["Shell~init~setViewAttributes: do we have any logged in users? ",true]
[19949][1613575581106][shell][info]["init~setViewAttributes - Success"]
[19949][1613575585772][shell][info]["Shell~init~sendUsersDataToRenderer",["11358074"]]
[19949][1613575586213][shell][info]["EventBus~initialize - Success"]
[19949][1613575586224][shell][info]["bootShellCrashReporter~ Success"]
[19949][1613575586253][shell][info]["userPartitionService: State of v8 partition system:"]
[19949][1613575586254][shell][info]["userPartitionService: List of partitions:",[{"partitionId":"default","namespace":"users","userId":"11358074","teamId":"1339877","lastUpdated":"2021-02-12T20:06:18.950Z"},{"partitionId":"a0876a0f-a63f-4642-afed-effe1a6350ae","namespace":"scratchPad","userId":0,"teamId":0,"isDirty":false}]]
[19949][1613575586255][shell][info]["userPartitionService: users global meta:",{"activePartition":"default"}]
[19949][1613575586255][shell][info]["shell~init~loadView: loading active partition"]
[19949][1613575586256][shell][info]["shell~init~loadView: loading active partition","default"]
[19949][1613575586257][shell][info]["init~setViewAttributes - Initializing view with opts:",{"id":3,"type":"requester","startTime":1613575585849,"devtools":false,"primaryId":3,"allIds":[3],"partitionId":"default"}]
[19949][1613575586259][shell][info]["Shell~init~setViewAttributes: passing scratchpad partition id as ","a0876a0f-a63f-4642-afed-effe1a6350ae"]
[19949][1613575586260][shell][info]["Shell~init~setViewAttributes: do we have any logged in users? ",true]
[19949][1613575586261][shell][info]["init~setViewAttributes - Success"]
[19949][1613575591481][shell][info]["Shell~init~sendUsersDataToRenderer",["11358074"]]
[19949][1613575591784][shell][info]["Shell~init~sendUsersDataToRenderer",["11358074"]]
